Debug Started
----Reading OWL/XML file: Example/onto1.owl.
-----Namespace found: xmlns http://www.w3.org/2002/07/owl#.
-----Namespace found: xml:base http://www.semanticweb.org/danie/ontologies/2018/0/untitled-ontology-500.
-----Namespace found: xmlns:rdf http://www.w3.org/1999/02/22-rdf-syntax-ns#.
-----Namespace found: xmlns:xml http://www.w3.org/XML/1998/namespace.
-----Namespace found: xmlns:xsd http://www.w3.org/2001/XMLSchema#.
-----Namespace found: xmlns:rdfs http://www.w3.org/2000/01/rdf-schema#.
-----Namespace found: ontologyIRI http://www.semanticweb.org/danie/ontologies/2018/0/untitled-ontology-500.
-----Found declaration. 
-----Found declaration. 
-----Found declaration. 
-----Found declaration. 
-----Found declaration. 
-----Found declaration. 
-----Found declaration. 
-----Found ObjectUnionOf class expression. 
-----Found ObjectAllValuessFrom class expression. 
-----Found ObjectAllValuessFrom class expression. 
-----Found irreflexive object-property. 
----The Ontology Contains: 
----- Individuals: 2.
----- Classes: 3.
----- Properties: 2.
----- Quantified Variables of level 0: 2.
----End Reading OWL/XML file: Example/onto1.owl.
---Formula Inserted: V0{b}
-----Analizyng input formula
-----Computing Literal: V0{b}
-----Extracting Data From Var. Input String: V0{b}
-----Data From Var Computed. Name: b. Level:0
-----Creating  Variable.  Name:b. Level: 0. Type: 0
-----Adding Variable to Set. V0{b}
-----Declaration Found: V0{b}
---Formula Ended 
---Formula Inserted: V0{a}
-----Analizyng input formula
-----Computing Literal: V0{a}
-----Extracting Data From Var. Input String: V0{a}
-----Data From Var Computed. Name: a. Level:0
-----Creating  Variable.  Name:a. Level: 0. Type: 0
-----Adding Variable to Set. V0{a}
-----Declaration Found: V0{a}
---Formula Ended 
---Formula Inserted: V1{A}
-----Analizyng input formula
-----Computing Literal: V1{A}
-----Extracting Data From Var. Input String: V1{A}
-----Data From Var Computed. Name: A. Level:1
-----Creating  Variable.  Name:A. Level: 1. Type: 0
-----Adding Variable to Set. V1{A}
-----Declaration Found: V1{A}
---Formula Ended 
---Formula Inserted: V1{B}
-----Analizyng input formula
-----Computing Literal: V1{B}
-----Extracting Data From Var. Input String: V1{B}
-----Data From Var Computed. Name: B. Level:1
-----Creating  Variable.  Name:B. Level: 1. Type: 0
-----Adding Variable to Set. V1{B}
-----Declaration Found: V1{B}
---Formula Ended 
---Formula Inserted: V1{C}
-----Analizyng input formula
-----Computing Literal: V1{C}
-----Extracting Data From Var. Input String: V1{C}
-----Data From Var Computed. Name: C. Level:1
-----Creating  Variable.  Name:C. Level: 1. Type: 0
-----Adding Variable to Set. V1{C}
-----Declaration Found: V1{C}
---Formula Ended 
---Formula Inserted: V3{P1}
-----Analizyng input formula
-----Computing Literal: V3{P1}
-----Extracting Data From Var. Input String: V3{P1}
-----Data From Var Computed. Name: P1. Level:3
-----Creating  Variable.  Name:P1. Level: 3. Type: 0
-----Adding Variable to Set. V3{P1}
-----Declaration Found: V3{P1}
---Formula Ended 
---Formula Inserted: V3{P}
-----Analizyng input formula
-----Computing Literal: V3{P}
-----Extracting Data From Var. Input String: V3{P}
-----Data From Var Computed. Name: P. Level:3
-----Creating  Variable.  Name:P. Level: 3. Type: 0
-----Adding Variable to Set. V3{P}
-----Declaration Found: V3{P}
---Formula Ended 
---Formula Inserted: ($FA V0{z})($FA V0{z1})((V0{z} $IN V1{A})$IF(( ($OA V0{z} $CO V0{z1} $AO $IN V3{P}) $IF( V0{z1} $IN V1{C}))$OR ( ($OA V0{z} $CO V0{z1} $AO $IN V3{P1}) $IF( V0{z1} $IN V1{B}))))
-----Analizyng input formula
-----Candidate atom found: $FAV0{z}
-----Computing Literal: $FAV0{z}
-----Extracting Data From Var. Input String: V0{z}
-----Data From Var Computed. Name: z. Level:0
-----Creating Quantified Variable.  Name:z. Level: 0. Type: 1
-----Adding Quantified Variable to Set.V0{z}
-----Candidate atom found: $FAV0{z1}
-----Computing Literal: $FAV0{z1}
-----Extracting Data From Var. Input String: V0{z1}
-----Data From Var Computed. Name: z1. Level:0
-----Creating Quantified Variable.  Name:z1. Level: 0. Type: 1
-----Adding Quantified Variable to Set.V0{z1}
-----Candidate atom found: V0{z}$INV1{A}
-----Computing Literal: V0{z}$INV1{A}
-----Extracting Data From Var. Input String: V0{z}
-----Data From Var Computed. Name: z. Level:0
-----Creating  Variable.  Name:z. Level: 0. Type: 0
-----Variable Found in Quantified Set. V0{z}
-----Extracting Data From Var. Input String: V1{A}
-----Data From Var Computed. Name: A. Level:1
-----Creating  Variable.  Name:A. Level: 1. Type: 0
-----Variable Found in Set. V1{A}
-----Literal created: (V0{z} $IN V1{A})
-----Candidate atom found: $OAV0{z}$COV0{z1}$AO$INV3{P}
-----Computing Literal: $OAV0{z}$COV0{z1}$AO$INV3{P}
-----Extracting Data From Var. Input String: V0{z}
-----Data From Var Computed. Name: z. Level:0
-----Creating  Variable.  Name:z. Level: 0. Type: 0
-----Variable Found in Quantified Set. V0{z}
-----Extracting Data From Var. Input String: V0{z1}
-----Data From Var Computed. Name: z1. Level:0
-----Creating  Variable.  Name:z1. Level: 0. Type: 0
-----Variable Found in Quantified Set. V0{z1}
-----Extracting Data From Var. Input String: V3{P}
-----Data From Var Computed. Name: P. Level:3
-----Creating  Variable.  Name:P. Level: 3. Type: 0
-----Variable Found in Set. V3{P}
-----Literal created: ($OA V0{z} $CO V0{z1}$AO $IN V3{P})
-----Candidate atom found: V0{z1}$INV1{C}
-----Computing Literal: V0{z1}$INV1{C}
-----Extracting Data From Var. Input String: V0{z1}
-----Data From Var Computed. Name: z1. Level:0
-----Creating  Variable.  Name:z1. Level: 0. Type: 0
-----Variable Found in Quantified Set. V0{z1}
-----Extracting Data From Var. Input String: V1{C}
-----Data From Var Computed. Name: C. Level:1
-----Creating  Variable.  Name:C. Level: 1. Type: 0
-----Variable Found in Set. V1{C}
-----Literal created: (V0{z1} $IN V1{C})
-----Computing subformula: ($FA V0{z})($FA V0{z1})( ($OA V0{z} $CO V0{z1}$AO $IN V3{P})  $IF (V0{z1} $IN V1{C}) )
-----Candidate atom found: $OAV0{z}$COV0{z1}$AO$INV3{P1}
-----Computing Literal: $OAV0{z}$COV0{z1}$AO$INV3{P1}
-----Extracting Data From Var. Input String: V0{z}
-----Data From Var Computed. Name: z. Level:0
-----Creating  Variable.  Name:z. Level: 0. Type: 0
-----Variable Found in Quantified Set. V0{z}
-----Extracting Data From Var. Input String: V0{z1}
-----Data From Var Computed. Name: z1. Level:0
-----Creating  Variable.  Name:z1. Level: 0. Type: 0
-----Variable Found in Quantified Set. V0{z1}
-----Extracting Data From Var. Input String: V3{P1}
-----Data From Var Computed. Name: P1. Level:3
-----Creating  Variable.  Name:P1. Level: 3. Type: 0
-----Variable Found in Set. V3{P1}
-----Literal created: ($OA V0{z} $CO V0{z1}$AO $IN V3{P1})
-----Candidate atom found: V0{z1}$INV1{B}
-----Computing Literal: V0{z1}$INV1{B}
-----Extracting Data From Var. Input String: V0{z1}
-----Data From Var Computed. Name: z1. Level:0
-----Creating  Variable.  Name:z1. Level: 0. Type: 0
-----Variable Found in Quantified Set. V0{z1}
-----Extracting Data From Var. Input String: V1{B}
-----Data From Var Computed. Name: B. Level:1
-----Creating  Variable.  Name:B. Level: 1. Type: 0
-----Variable Found in Set. V1{B}
-----Literal created: (V0{z1} $IN V1{B})
-----Computing subformula: ($FA V0{z})($FA V0{z1})( ($OA V0{z} $CO V0{z1}$AO $IN V3{P1})  $IF (V0{z1} $IN V1{B}) )
-----Computing subformula: ($FA V0{z})($FA V0{z1})( ( ($OA V0{z} $CO V0{z1}$AO $IN V3{P})  $IF (V0{z1} $IN V1{C}) ) $OR ( ($OA V0{z} $CO V0{z1}$AO $IN V3{P1})  $IF (V0{z1} $IN V1{B}) ))
-----Computing subformula: ($FA V0{z})($FA V0{z1})( (V0{z} $IN V1{A})  $IF ( ( ($OA V0{z} $CO V0{z1}$AO $IN V3{P})  $IF (V0{z1} $IN V1{C}) ) $OR ( ($OA V0{z} $CO V0{z1}$AO $IN V3{P1})  $IF (V0{z1} $IN V1{B}) )))
-----Final Formula: ($FA V0{z})($FA V0{z1})( (V0{z} $IN V1{A})  $IF ( ( ($OA V0{z} $CO V0{z1}$AO $IN V3{P})  $IF (V0{z1} $IN V1{C}) ) $OR ( ($OA V0{z} $CO V0{z1}$AO $IN V3{P1})  $IF (V0{z1} $IN V1{B}) )))
---Formula Ended 
---Formula Inserted: ($FA V0{z})($OA V0{z} $CO V0{z} $AO $NI V3{P})
-----Analizyng input formula
-----Candidate atom found: $FAV0{z}
-----Computing Literal: $FAV0{z}
-----Extracting Data From Var. Input String: V0{z}
-----Data From Var Computed. Name: z. Level:0
-----Creating Quantified Variable.  Name:z. Level: 0. Type: 1
-----Quantified Variable Found in Set.V0{z}
-----Candidate atom found: $OAV0{z}$COV0{z}$AO$NIV3{P}
-----Computing Literal: $OAV0{z}$COV0{z}$AO$NIV3{P}
-----Extracting Data From Var. Input String: V0{z}
-----Data From Var Computed. Name: z. Level:0
-----Creating  Variable.  Name:z. Level: 0. Type: 0
-----Variable Found in Quantified Set. V0{z}
-----Extracting Data From Var. Input String: V0{z}
-----Data From Var Computed. Name: z. Level:0
-----Creating  Variable.  Name:z. Level: 0. Type: 0
-----Variable Found in Quantified Set. V0{z}
-----Extracting Data From Var. Input String: V3{P}
-----Data From Var Computed. Name: P. Level:3
-----Creating  Variable.  Name:P. Level: 3. Type: 0
-----Variable Found in Set. V3{P}
-----Literal created: ($OA V0{z} $CO V0{z}$AO $NI V3{P})
-----Final Formula: ($FA V0{z})($OA V0{z} $CO V0{z}$AO $NI V3{P}) 
---Formula Ended 
-----Converting KB to NNF-----
-----Converting Formula to NNF:------
------($FA V0{z})($FA V0{z1})( (V0{z} $IN V1{A})  $IF ( ( ($OA V0{z} $CO V0{z1}$AO $IN V3{P})  $IF (V0{z1} $IN V1{C}) ) $OR ( ($OA V0{z} $CO V0{z1}$AO $IN V3{P1})  $IF (V0{z1} $IN V1{B}) )))
------ Dropping Negation boleans to subformulae of:-----
-------($FA V0{z})($FA V0{z1})( (V0{z} $IN V1{A})  $OR ( ( ($OA V0{z} $CO V0{z1}$AO $IN V3{P})  $IF (V0{z1} $IN V1{C}) ) $OR ( ($OA V0{z} $CO V0{z1}$AO $IN V3{P1})  $IF (V0{z1} $IN V1{B}) )))
------ Dropping Negation boleans to subformulae of:-----
-------($FA V0{z})($FA V0{z1})( ( ($OA V0{z} $CO V0{z1}$AO $IN V3{P})  $IF (V0{z1} $IN V1{C}) ) $OR ( ($OA V0{z} $CO V0{z1}$AO $IN V3{P1})  $IF (V0{z1} $IN V1{B}) ))
------ Dropping Negation boleans to subformulae of:-----
-------($FA V0{z})($FA V0{z1})( ($OA V0{z} $CO V0{z1}$AO $IN V3{P1})  $OR (V0{z1} $IN V1{B}) )
------ Found Negation on Literal:
-------($FA V0{z})($FA V0{z1})($OA V0{z} $CO V0{z1}$AO $IN V3{P1}) 
------ Computing:
-------($OA V0{z} $CO V0{z1}$AO $NI V3{P1})
------ Dropping Negation boleans to subformulae of:-----
-------($FA V0{z})($FA V0{z1})( ($OA V0{z} $CO V0{z1}$AO $IN V3{P})  $OR (V0{z1} $IN V1{C}) )
------ Found Negation on Literal:
-------($FA V0{z})($FA V0{z1})($OA V0{z} $CO V0{z1}$AO $IN V3{P}) 
------ Computing:
-------($OA V0{z} $CO V0{z1}$AO $NI V3{P})
------ Found Negation on Literal:
-------($FA V0{z})(V0{z} $IN V1{A}) 
------ Computing:
-------(V0{z} $NI V1{A})
------ End converting formula to NNF
------ Formula Computed:
-------($FA V0{z})($FA V0{z1})( (V0{z} $NI V1{A})  $OR ( ( ($OA V0{z} $CO V0{z1}$AO $NI V3{P})  $OR (V0{z1} $IN V1{C}) ) $OR ( ($OA V0{z} $CO V0{z1}$AO $NI V3{P1})  $OR (V0{z1} $IN V1{B}) )))
-----Converting Formula to NNF:------
------($FA V0{z})($OA V0{z} $CO V0{z}$AO $NI V3{P}) 
------ Obtained:
-------($FA V0{z})($OA V0{z} $CO V0{z}$AO $NI V3{P}) 
-----End converting KB to NNF-----
-----Converting KB to CNF-----
-----Converting formula in CNF:
-----($FA V0{z})($FA V0{z1})( (V0{z} $NI V1{A})  $OR ( ( ($OA V0{z} $CO V0{z1}$AO $NI V3{P})  $OR (V0{z1} $IN V1{C}) ) $OR ( ($OA V0{z} $CO V0{z1}$AO $NI V3{P1})  $OR (V0{z1} $IN V1{B}) )))
-----Resulting CNF formula:
-----($FA V0{z})($FA V0{z1})( (V0{z} $NI V1{A})  $OR ( ( ($OA V0{z} $CO V0{z1}$AO $NI V3{P})  $OR (V0{z1} $IN V1{C}) ) $OR ( ($OA V0{z} $CO V0{z1}$AO $NI V3{P1})  $OR (V0{z1} $IN V1{B}) )))
-----Converting formula in CNF:
-----($FA V0{z})($OA V0{z} $CO V0{z}$AO $NI V3{P}) 
-----Resulting CNF formula:
-----($FA V0{z})($OA V0{z} $CO V0{z}$AO $NI V3{P}) 
-----End converting KB to CNF:
---Moving quantifiers in formula: 
-----($FA V0{z})($FA V0{z1})( (V0{z} $NI V1{A})  $OR ( ( ($OA V0{z} $CO V0{z1}$AO $NI V3{P})  $OR (V0{z1} $IN V1{C}) ) $OR ( ($OA V0{z} $CO V0{z1}$AO $NI V3{P1})  $OR (V0{z1} $IN V1{B}) )))
---Moving quantifiers in formula: 
-----($FA V0{z})($OA V0{z} $CO V0{z}$AO $NI V3{P}) 
--- Applying Expansion Rule
----- Computing Formula: ($FA V0{z})($OA V0{z} $CO V0{z}$AO $NI V3{P}) 
------- Expanding Formula: ($FA V0{z})($OA V0{z} $CO V0{z}$AO $NI V3{P}) 
------- Expanded Formula: ($OA V0{a} $CO V0{a}$AO $NI V3{P}) 
------- Expanded Formula: ($OA V0{b} $CO V0{b}$AO $NI V3{P}) 
----- Computing Formula: ($FA V0{z})($FA V0{z1})( (V0{z} $NI V1{A})  $OR ( ( ($OA V0{z} $CO V0{z1}$AO $NI V3{P})  $OR (V0{z1} $IN V1{C}) ) $OR ( ($OA V0{z} $CO V0{z1}$AO $NI V3{P1})  $OR (V0{z1} $IN V1{B}) )))
------- Expanding Formula: ($FA V0{z})($FA V0{z1})( (V0{z} $NI V1{A})  $OR ( ( ($OA V0{z} $CO V0{z1}$AO $NI V3{P})  $OR (V0{z1} $IN V1{C}) ) $OR ( ($OA V0{z} $CO V0{z1}$AO $NI V3{P1})  $OR (V0{z1} $IN V1{B}) )))
------- Expanded Formula: ( (V0{a} $NI V1{A})  $OR ( ( ($OA V0{a} $CO V0{a}$AO $NI V3{P})  $OR (V0{a} $IN V1{C}) ) $OR ( ($OA V0{a} $CO V0{a}$AO $NI V3{P1})  $OR (V0{a} $IN V1{B}) )))
------- Expanded Formula: ( (V0{b} $NI V1{A})  $OR ( ( ($OA V0{b} $CO V0{a}$AO $NI V3{P})  $OR (V0{a} $IN V1{C}) ) $OR ( ($OA V0{b} $CO V0{a}$AO $NI V3{P1})  $OR (V0{a} $IN V1{B}) )))
------- Expanded Formula: ( (V0{a} $NI V1{A})  $OR ( ( ($OA V0{a} $CO V0{b}$AO $NI V3{P})  $OR (V0{b} $IN V1{C}) ) $OR ( ($OA V0{a} $CO V0{b}$AO $NI V3{P1})  $OR (V0{b} $IN V1{B}) )))
------- Expanded Formula: ( (V0{b} $NI V1{A})  $OR ( ( ($OA V0{b} $CO V0{b}$AO $NI V3{P})  $OR (V0{b} $IN V1{C}) ) $OR ( ($OA V0{b} $CO V0{b}$AO $NI V3{P1})  $OR (V0{b} $IN V1{B}) )))
--- End Expansion Rule
---Checking for Clash in Vector of Formulae
-----Checking for Clash: ($OA V0{a} $CO V0{a}$AO $NI V3{P})
-----Checking for Clash: ($OA V0{b} $CO V0{b}$AO $NI V3{P})
-----Checking for Clash: ($OA V0{a} $CO V0{a}$AO $NI V3{P}) and ($OA V0{b} $CO V0{b}$AO $NI V3{P})
---End Check for Clash in Vector of Formulae
---Checking for Clash in Vector of Formulae
-----Checking for Clash: ($OA V0{b} $CO V0{b}$AO $NI V3{P})
---End Check for Clash in Vector of Formulae
---Checking for Clash in Vector of Formulae
---End Check for Clash in Vector of Formulae
---Checking for Clash in Vector of Formulae
---End Check for Clash in Vector of Formulae
---Checking for Clash in Vector of Formulae
---End Check for Clash in Vector of Formulae
------Fulfilling formula: ( (V0{a} $NI V1{A})  $OR ( ( ($OA V0{a} $CO V0{a}$AO $NI V3{P})  $OR (V0{a} $IN V1{C}) ) $OR ( ($OA V0{a} $CO V0{a}$AO $NI V3{P1})  $OR (V0{a} $IN V1{B}) )))
-----Checking for Clash: (V0{a} $NI V1{A})
-----Checking for Tautology: (V0{a} $NI V1{A})
-----Checking for Clash: ($OA V0{a} $CO V0{a}$AO $NI V3{P})
-----Checking for Tautology: ($OA V0{a} $CO V0{a}$AO $NI V3{P})
-----Checking for Clash: (V0{a} $NI V1{A}) and ($OA V0{a} $CO V0{a}$AO $NI V3{P})
-----Checking for Clash: (V0{a} $IN V1{C})
-----Checking for Tautology: (V0{a} $IN V1{C})
-----Checking for Clash: (V0{a} $NI V1{A}) and (V0{a} $IN V1{C})
-----Checking for Clash: ($OA V0{a} $CO V0{a}$AO $NI V3{P}) and (V0{a} $IN V1{C})
-----Checking for Clash: ($OA V0{a} $CO V0{a}$AO $NI V3{P1})
-----Checking for Tautology: ($OA V0{a} $CO V0{a}$AO $NI V3{P1})
-----Checking for Clash: (V0{a} $NI V1{A}) and ($OA V0{a} $CO V0{a}$AO $NI V3{P1})
-----Checking for Clash: ($OA V0{a} $CO V0{a}$AO $NI V3{P}) and ($OA V0{a} $CO V0{a}$AO $NI V3{P1})
-----Checking for Clash: (V0{a} $IN V1{C}) and ($OA V0{a} $CO V0{a}$AO $NI V3{P1})
-----Checking for Clash: (V0{a} $IN V1{B})
-----Checking for Tautology: (V0{a} $IN V1{B})
-----Checking for Clash: (V0{a} $NI V1{A}) and (V0{a} $IN V1{B})
-----Checking for Clash: ($OA V0{a} $CO V0{a}$AO $NI V3{P}) and (V0{a} $IN V1{B})
-----Checking for Clash: (V0{a} $IN V1{C}) and (V0{a} $IN V1{B})
-----Checking for Clash: ($OA V0{a} $CO V0{a}$AO $NI V3{P1}) and (V0{a} $IN V1{B})
-----Checking for Clash: (V0{a} $NI V1{A}) and ($OA V0{a} $CO V0{a}$AO $NI V3{P})
-----Checking for Clash: (V0{a} $NI V1{A}) and ($OA V0{b} $CO V0{b}$AO $NI V3{P})
-----Checking for Clash: ($OA V0{a} $CO V0{a}$AO $NI V3{P}) and ($OA V0{a} $CO V0{a}$AO $NI V3{P})
------Fulfilling formula: ( (V0{b} $NI V1{A})  $OR ( ( ($OA V0{b} $CO V0{a}$AO $NI V3{P})  $OR (V0{a} $IN V1{C}) ) $OR ( ($OA V0{b} $CO V0{a}$AO $NI V3{P1})  $OR (V0{a} $IN V1{B}) )))
-----Checking for Clash: (V0{b} $NI V1{A})
-----Checking for Tautology: (V0{b} $NI V1{A})
-----Checking for Clash: ($OA V0{b} $CO V0{a}$AO $NI V3{P})
-----Checking for Tautology: ($OA V0{b} $CO V0{a}$AO $NI V3{P})
-----Checking for Clash: (V0{b} $NI V1{A}) and ($OA V0{b} $CO V0{a}$AO $NI V3{P})
-----Checking for Clash: (V0{a} $IN V1{C})
-----Checking for Tautology: (V0{a} $IN V1{C})
-----Checking for Clash: (V0{b} $NI V1{A}) and (V0{a} $IN V1{C})
-----Checking for Clash: ($OA V0{b} $CO V0{a}$AO $NI V3{P}) and (V0{a} $IN V1{C})
-----Checking for Clash: ($OA V0{b} $CO V0{a}$AO $NI V3{P1})
-----Checking for Tautology: ($OA V0{b} $CO V0{a}$AO $NI V3{P1})
-----Checking for Clash: (V0{b} $NI V1{A}) and ($OA V0{b} $CO V0{a}$AO $NI V3{P1})
-----Checking for Clash: ($OA V0{b} $CO V0{a}$AO $NI V3{P}) and ($OA V0{b} $CO V0{a}$AO $NI V3{P1})
-----Checking for Clash: (V0{a} $IN V1{C}) and ($OA V0{b} $CO V0{a}$AO $NI V3{P1})
-----Checking for Clash: (V0{a} $IN V1{B})
-----Checking for Tautology: (V0{a} $IN V1{B})
-----Checking for Clash: (V0{b} $NI V1{A}) and (V0{a} $IN V1{B})
-----Checking for Clash: ($OA V0{b} $CO V0{a}$AO $NI V3{P}) and (V0{a} $IN V1{B})
-----Checking for Clash: (V0{a} $IN V1{C}) and (V0{a} $IN V1{B})
-----Checking for Clash: ($OA V0{b} $CO V0{a}$AO $NI V3{P1}) and (V0{a} $IN V1{B})
-----Checking for Clash: (V0{b} $NI V1{A}) and ($OA V0{a} $CO V0{a}$AO $NI V3{P})
-----Checking for Clash: (V0{b} $NI V1{A}) and ($OA V0{b} $CO V0{b}$AO $NI V3{P})
-----Checking for Clash: ($OA V0{b} $CO V0{a}$AO $NI V3{P}) and ($OA V0{a} $CO V0{a}$AO $NI V3{P})
-----Checking for Clash: ($OA V0{b} $CO V0{a}$AO $NI V3{P}) and ($OA V0{b} $CO V0{b}$AO $NI V3{P})
-----Checking for Clash: (V0{a} $IN V1{C}) and ($OA V0{a} $CO V0{a}$AO $NI V3{P})
-----Checking for Clash: (V0{a} $IN V1{C}) and ($OA V0{b} $CO V0{b}$AO $NI V3{P})
-----Checking for Clash: ($OA V0{b} $CO V0{a}$AO $NI V3{P1}) and ($OA V0{a} $CO V0{a}$AO $NI V3{P})
-----Checking for Clash: ($OA V0{b} $CO V0{a}$AO $NI V3{P1}) and ($OA V0{b} $CO V0{b}$AO $NI V3{P})
-----Checking for Clash: (V0{a} $IN V1{B}) and ($OA V0{a} $CO V0{a}$AO $NI V3{P})
-----Checking for Clash: (V0{a} $IN V1{B}) and ($OA V0{b} $CO V0{b}$AO $NI V3{P})
---Applying PB-RULE
----- Computing Literal from PB-Rule. 
------ Computing Literal from PB-Rule. (V0{b} $NI V1{A})
------ Computing Literal from PB-Rule. (V0{b} $IN V1{A})
------ Computing Literal from PB-Rule. ($OA V0{b} $CO V0{a}$AO $NI V3{P})
------ Computing Literal from PB-Rule. ($OA V0{b} $CO V0{a}$AO $IN V3{P})
------ Computing Literal from PB-Rule. (V0{a} $IN V1{C})
------ Computing Literal from PB-Rule. (V0{a} $NI V1{C})
------ Computing Literal from PB-Rule. ($OA V0{b} $CO V0{a}$AO $NI V3{P1})
------ Computing Literal from PB-Rule. ($OA V0{b} $CO V0{a}$AO $IN V3{P1})
------ Computing Literal from PB-Rule. (V0{a} $IN V1{B})
------Fulfilling formula: ( (V0{a} $NI V1{A})  $OR ( ( ($OA V0{a} $CO V0{b}$AO $NI V3{P})  $OR (V0{b} $IN V1{C}) ) $OR ( ($OA V0{a} $CO V0{b}$AO $NI V3{P1})  $OR (V0{b} $IN V1{B}) )))
-----Checking for Clash: (V0{a} $NI V1{A})
-----Checking for Tautology: (V0{a} $NI V1{A})
-----Checking for Clash: ($OA V0{a} $CO V0{b}$AO $NI V3{P})
-----Checking for Tautology: ($OA V0{a} $CO V0{b}$AO $NI V3{P})
-----Checking for Clash: (V0{a} $NI V1{A}) and ($OA V0{a} $CO V0{b}$AO $NI V3{P})
-----Checking for Clash: (V0{b} $IN V1{C})
-----Checking for Tautology: (V0{b} $IN V1{C})
-----Checking for Clash: (V0{a} $NI V1{A}) and (V0{b} $IN V1{C})
-----Checking for Clash: ($OA V0{a} $CO V0{b}$AO $NI V3{P}) and (V0{b} $IN V1{C})
-----Checking for Clash: ($OA V0{a} $CO V0{b}$AO $NI V3{P1})
-----Checking for Tautology: ($OA V0{a} $CO V0{b}$AO $NI V3{P1})
-----Checking for Clash: (V0{a} $NI V1{A}) and ($OA V0{a} $CO V0{b}$AO $NI V3{P1})
-----Checking for Clash: ($OA V0{a} $CO V0{b}$AO $NI V3{P}) and ($OA V0{a} $CO V0{b}$AO $NI V3{P1})
-----Checking for Clash: (V0{b} $IN V1{C}) and ($OA V0{a} $CO V0{b}$AO $NI V3{P1})
-----Checking for Clash: (V0{b} $IN V1{B})
-----Checking for Tautology: (V0{b} $IN V1{B})
-----Checking for Clash: (V0{a} $NI V1{A}) and (V0{b} $IN V1{B})
-----Checking for Clash: ($OA V0{a} $CO V0{b}$AO $NI V3{P}) and (V0{b} $IN V1{B})
-----Checking for Clash: (V0{b} $IN V1{C}) and (V0{b} $IN V1{B})
-----Checking for Clash: ($OA V0{a} $CO V0{b}$AO $NI V3{P1}) and (V0{b} $IN V1{B})
-----Checking for Clash: (V0{a} $NI V1{A}) and (V0{b} $NI V1{A})
-----Checking for Clash: (V0{a} $NI V1{A}) and ($OA V0{a} $CO V0{a}$AO $NI V3{P})
-----Checking for Clash: (V0{a} $NI V1{A}) and ($OA V0{b} $CO V0{b}$AO $NI V3{P})
-----Checking for Clash: ($OA V0{a} $CO V0{b}$AO $NI V3{P}) and (V0{b} $NI V1{A})
-----Checking for Clash: ($OA V0{a} $CO V0{b}$AO $NI V3{P}) and ($OA V0{a} $CO V0{a}$AO $NI V3{P})
-----Checking for Clash: ($OA V0{a} $CO V0{b}$AO $NI V3{P}) and ($OA V0{b} $CO V0{b}$AO $NI V3{P})
-----Checking for Clash: (V0{b} $IN V1{C}) and (V0{b} $NI V1{A})
-----Checking for Clash: (V0{b} $IN V1{C}) and ($OA V0{a} $CO V0{a}$AO $NI V3{P})
-----Checking for Clash: (V0{b} $IN V1{C}) and ($OA V0{b} $CO V0{b}$AO $NI V3{P})
-----Checking for Clash: ($OA V0{a} $CO V0{b}$AO $NI V3{P1}) and (V0{b} $NI V1{A})
-----Checking for Clash: ($OA V0{a} $CO V0{b}$AO $NI V3{P1}) and ($OA V0{a} $CO V0{a}$AO $NI V3{P})
-----Checking for Clash: ($OA V0{a} $CO V0{b}$AO $NI V3{P1}) and ($OA V0{b} $CO V0{b}$AO $NI V3{P})
-----Checking for Clash: (V0{b} $IN V1{B}) and (V0{b} $NI V1{A})
-----Checking for Clash: (V0{b} $IN V1{B}) and ($OA V0{a} $CO V0{a}$AO $NI V3{P})
-----Checking for Clash: (V0{b} $IN V1{B}) and ($OA V0{b} $CO V0{b}$AO $NI V3{P})
---Applying PB-RULE
----- Computing Literal from PB-Rule. 
------ Computing Literal from PB-Rule. (V0{a} $NI V1{A})
------ Computing Literal from PB-Rule. (V0{a} $IN V1{A})
------ Computing Literal from PB-Rule. ($OA V0{a} $CO V0{b}$AO $NI V3{P})
------ Computing Literal from PB-Rule. ($OA V0{a} $CO V0{b}$AO $IN V3{P})
------ Computing Literal from PB-Rule. (V0{b} $IN V1{C})
------ Computing Literal from PB-Rule. (V0{b} $NI V1{C})
------ Computing Literal from PB-Rule. ($OA V0{a} $CO V0{b}$AO $NI V3{P1})
------ Computing Literal from PB-Rule. ($OA V0{a} $CO V0{b}$AO $IN V3{P1})
------ Computing Literal from PB-Rule. (V0{b} $IN V1{B})
-----Checking for Clash: (V0{a} $NI V1{A})
-----Checking for Tautology: (V0{a} $NI V1{A})
-----Checking for Clash: ($OA V0{a} $CO V0{b}$AO $NI V3{P})
-----Checking for Tautology: ($OA V0{a} $CO V0{b}$AO $NI V3{P})
-----Checking for Clash: (V0{a} $NI V1{A}) and ($OA V0{a} $CO V0{b}$AO $NI V3{P})
-----Checking for Clash: (V0{b} $IN V1{C})
-----Checking for Tautology: (V0{b} $IN V1{C})
-----Checking for Clash: (V0{a} $NI V1{A}) and (V0{b} $IN V1{C})
-----Checking for Clash: ($OA V0{a} $CO V0{b}$AO $NI V3{P}) and (V0{b} $IN V1{C})
-----Checking for Clash: ($OA V0{a} $CO V0{b}$AO $NI V3{P1})
-----Checking for Tautology: ($OA V0{a} $CO V0{b}$AO $NI V3{P1})
-----Checking for Clash: (V0{a} $NI V1{A}) and ($OA V0{a} $CO V0{b}$AO $NI V3{P1})
-----Checking for Clash: ($OA V0{a} $CO V0{b}$AO $NI V3{P}) and ($OA V0{a} $CO V0{b}$AO $NI V3{P1})
-----Checking for Clash: (V0{b} $IN V1{C}) and ($OA V0{a} $CO V0{b}$AO $NI V3{P1})
-----Checking for Clash: (V0{b} $IN V1{B})
-----Checking for Tautology: (V0{b} $IN V1{B})
-----Checking for Clash: (V0{a} $NI V1{A}) and (V0{b} $IN V1{B})
-----Checking for Clash: ($OA V0{a} $CO V0{b}$AO $NI V3{P}) and (V0{b} $IN V1{B})
-----Checking for Clash: (V0{b} $IN V1{C}) and (V0{b} $IN V1{B})
-----Checking for Clash: ($OA V0{a} $CO V0{b}$AO $NI V3{P1}) and (V0{b} $IN V1{B})
-----Checking for Clash: (V0{a} $NI V1{A}) and ($OA V0{b} $CO V0{a}$AO $NI V3{P})
-----Checking for Clash: (V0{a} $NI V1{A}) and (V0{b} $IN V1{A})
-----Checking for Clash: (V0{a} $NI V1{A}) and ($OA V0{a} $CO V0{a}$AO $NI V3{P})
-----Checking for Clash: (V0{a} $NI V1{A}) and ($OA V0{b} $CO V0{b}$AO $NI V3{P})
-----Checking for Clash: ($OA V0{a} $CO V0{b}$AO $NI V3{P}) and ($OA V0{b} $CO V0{a}$AO $NI V3{P})
-----Checking for Clash: ($OA V0{a} $CO V0{b}$AO $NI V3{P}) and (V0{b} $IN V1{A})
-----Checking for Clash: ($OA V0{a} $CO V0{b}$AO $NI V3{P}) and ($OA V0{a} $CO V0{a}$AO $NI V3{P})
-----Checking for Clash: ($OA V0{a} $CO V0{b}$AO $NI V3{P}) and ($OA V0{b} $CO V0{b}$AO $NI V3{P})
-----Checking for Clash: (V0{b} $IN V1{C}) and ($OA V0{b} $CO V0{a}$AO $NI V3{P})
-----Checking for Clash: (V0{b} $IN V1{C}) and (V0{b} $IN V1{A})
-----Checking for Clash: (V0{b} $IN V1{C}) and ($OA V0{a} $CO V0{a}$AO $NI V3{P})
-----Checking for Clash: (V0{b} $IN V1{C}) and ($OA V0{b} $CO V0{b}$AO $NI V3{P})
-----Checking for Clash: ($OA V0{a} $CO V0{b}$AO $NI V3{P1}) and ($OA V0{b} $CO V0{a}$AO $NI V3{P})
-----Checking for Clash: ($OA V0{a} $CO V0{b}$AO $NI V3{P1}) and (V0{b} $IN V1{A})
-----Checking for Clash: ($OA V0{a} $CO V0{b}$AO $NI V3{P1}) and ($OA V0{a} $CO V0{a}$AO $NI V3{P})
-----Checking for Clash: ($OA V0{a} $CO V0{b}$AO $NI V3{P1}) and ($OA V0{b} $CO V0{b}$AO $NI V3{P})
-----Checking for Clash: (V0{b} $IN V1{B}) and ($OA V0{b} $CO V0{a}$AO $NI V3{P})
-----Checking for Clash: (V0{b} $IN V1{B}) and (V0{b} $IN V1{A})
-----Checking for Clash: (V0{b} $IN V1{B}) and ($OA V0{a} $CO V0{a}$AO $NI V3{P})
-----Checking for Clash: (V0{b} $IN V1{B}) and ($OA V0{b} $CO V0{b}$AO $NI V3{P})
---Applying PB-RULE
----- Computing Literal from PB-Rule. 
------ Computing Literal from PB-Rule. (V0{a} $NI V1{A})
------ Computing Literal from PB-Rule. (V0{a} $IN V1{A})
------ Computing Literal from PB-Rule. ($OA V0{a} $CO V0{b}$AO $NI V3{P})
------ Computing Literal from PB-Rule. ($OA V0{a} $CO V0{b}$AO $IN V3{P})
------ Computing Literal from PB-Rule. (V0{b} $IN V1{C})
------ Computing Literal from PB-Rule. (V0{b} $NI V1{C})
------ Computing Literal from PB-Rule. ($OA V0{a} $CO V0{b}$AO $NI V3{P1})
------ Computing Literal from PB-Rule. ($OA V0{a} $CO V0{b}$AO $IN V3{P1})
------ Computing Literal from PB-Rule. (V0{b} $IN V1{B})
-----Checking for Clash: (V0{a} $NI V1{A})
-----Checking for Tautology: (V0{a} $NI V1{A})
-----Checking for Clash: ($OA V0{a} $CO V0{b}$AO $NI V3{P})
-----Checking for Tautology: ($OA V0{a} $CO V0{b}$AO $NI V3{P})
-----Checking for Clash: (V0{a} $NI V1{A}) and ($OA V0{a} $CO V0{b}$AO $NI V3{P})
-----Checking for Clash: (V0{b} $IN V1{C})
-----Checking for Tautology: (V0{b} $IN V1{C})
-----Checking for Clash: (V0{a} $NI V1{A}) and (V0{b} $IN V1{C})
-----Checking for Clash: ($OA V0{a} $CO V0{b}$AO $NI V3{P}) and (V0{b} $IN V1{C})
-----Checking for Clash: ($OA V0{a} $CO V0{b}$AO $NI V3{P1})
-----Checking for Tautology: ($OA V0{a} $CO V0{b}$AO $NI V3{P1})
-----Checking for Clash: (V0{a} $NI V1{A}) and ($OA V0{a} $CO V0{b}$AO $NI V3{P1})
-----Checking for Clash: ($OA V0{a} $CO V0{b}$AO $NI V3{P}) and ($OA V0{a} $CO V0{b}$AO $NI V3{P1})
-----Checking for Clash: (V0{b} $IN V1{C}) and ($OA V0{a} $CO V0{b}$AO $NI V3{P1})
-----Checking for Clash: (V0{b} $IN V1{B})
-----Checking for Tautology: (V0{b} $IN V1{B})
-----Checking for Clash: (V0{a} $NI V1{A}) and (V0{b} $IN V1{B})
-----Checking for Clash: ($OA V0{a} $CO V0{b}$AO $NI V3{P}) and (V0{b} $IN V1{B})
-----Checking for Clash: (V0{b} $IN V1{C}) and (V0{b} $IN V1{B})
-----Checking for Clash: ($OA V0{a} $CO V0{b}$AO $NI V3{P1}) and (V0{b} $IN V1{B})
-----Checking for Clash: (V0{a} $NI V1{A}) and (V0{a} $IN V1{C})
-----Checking for Clash: (V0{a} $NI V1{A}) and ($OA V0{b} $CO V0{a}$AO $IN V3{P})
-----Checking for Clash: (V0{a} $NI V1{A}) and (V0{b} $IN V1{A})
-----Checking for Clash: (V0{a} $NI V1{A}) and ($OA V0{a} $CO V0{a}$AO $NI V3{P})
-----Checking for Clash: (V0{a} $NI V1{A}) and ($OA V0{b} $CO V0{b}$AO $NI V3{P})
-----Checking for Clash: ($OA V0{a} $CO V0{b}$AO $NI V3{P}) and (V0{a} $IN V1{C})
-----Checking for Clash: ($OA V0{a} $CO V0{b}$AO $NI V3{P}) and ($OA V0{b} $CO V0{a}$AO $IN V3{P})
-----Checking for Clash: ($OA V0{a} $CO V0{b}$AO $NI V3{P}) and (V0{b} $IN V1{A})
-----Checking for Clash: ($OA V0{a} $CO V0{b}$AO $NI V3{P}) and ($OA V0{a} $CO V0{a}$AO $NI V3{P})
-----Checking for Clash: ($OA V0{a} $CO V0{b}$AO $NI V3{P}) and ($OA V0{b} $CO V0{b}$AO $NI V3{P})
-----Checking for Clash: (V0{b} $IN V1{C}) and (V0{a} $IN V1{C})
-----Checking for Clash: (V0{b} $IN V1{C}) and ($OA V0{b} $CO V0{a}$AO $IN V3{P})
-----Checking for Clash: (V0{b} $IN V1{C}) and (V0{b} $IN V1{A})
-----Checking for Clash: (V0{b} $IN V1{C}) and ($OA V0{a} $CO V0{a}$AO $NI V3{P})
-----Checking for Clash: (V0{b} $IN V1{C}) and ($OA V0{b} $CO V0{b}$AO $NI V3{P})
-----Checking for Clash: ($OA V0{a} $CO V0{b}$AO $NI V3{P1}) and (V0{a} $IN V1{C})
-----Checking for Clash: ($OA V0{a} $CO V0{b}$AO $NI V3{P1}) and ($OA V0{b} $CO V0{a}$AO $IN V3{P})
-----Checking for Clash: ($OA V0{a} $CO V0{b}$AO $NI V3{P1}) and (V0{b} $IN V1{A})
-----Checking for Clash: ($OA V0{a} $CO V0{b}$AO $NI V3{P1}) and ($OA V0{a} $CO V0{a}$AO $NI V3{P})
-----Checking for Clash: ($OA V0{a} $CO V0{b}$AO $NI V3{P1}) and ($OA V0{b} $CO V0{b}$AO $NI V3{P})
-----Checking for Clash: (V0{b} $IN V1{B}) and (V0{a} $IN V1{C})
-----Checking for Clash: (V0{b} $IN V1{B}) and ($OA V0{b} $CO V0{a}$AO $IN V3{P})
-----Checking for Clash: (V0{b} $IN V1{B}) and (V0{b} $IN V1{A})
-----Checking for Clash: (V0{b} $IN V1{B}) and ($OA V0{a} $CO V0{a}$AO $NI V3{P})
-----Checking for Clash: (V0{b} $IN V1{B}) and ($OA V0{b} $CO V0{b}$AO $NI V3{P})
---Applying PB-RULE
----- Computing Literal from PB-Rule. 
------ Computing Literal from PB-Rule. (V0{a} $NI V1{A})
------ Computing Literal from PB-Rule. (V0{a} $IN V1{A})
------ Computing Literal from PB-Rule. ($OA V0{a} $CO V0{b}$AO $NI V3{P})
------ Computing Literal from PB-Rule. ($OA V0{a} $CO V0{b}$AO $IN V3{P})
------ Computing Literal from PB-Rule. (V0{b} $IN V1{C})
------ Computing Literal from PB-Rule. (V0{b} $NI V1{C})
------ Computing Literal from PB-Rule. ($OA V0{a} $CO V0{b}$AO $NI V3{P1})
------ Computing Literal from PB-Rule. ($OA V0{a} $CO V0{b}$AO $IN V3{P1})
------ Computing Literal from PB-Rule. (V0{b} $IN V1{B})
-----Checking for Clash: (V0{a} $NI V1{A})
-----Checking for Tautology: (V0{a} $NI V1{A})
-----Checking for Clash: ($OA V0{a} $CO V0{b}$AO $NI V3{P})
-----Checking for Tautology: ($OA V0{a} $CO V0{b}$AO $NI V3{P})
-----Checking for Clash: (V0{a} $NI V1{A}) and ($OA V0{a} $CO V0{b}$AO $NI V3{P})
-----Checking for Clash: (V0{b} $IN V1{C})
-----Checking for Tautology: (V0{b} $IN V1{C})
-----Checking for Clash: (V0{a} $NI V1{A}) and (V0{b} $IN V1{C})
-----Checking for Clash: ($OA V0{a} $CO V0{b}$AO $NI V3{P}) and (V0{b} $IN V1{C})
-----Checking for Clash: ($OA V0{a} $CO V0{b}$AO $NI V3{P1})
-----Checking for Tautology: ($OA V0{a} $CO V0{b}$AO $NI V3{P1})
-----Checking for Clash: (V0{a} $NI V1{A}) and ($OA V0{a} $CO V0{b}$AO $NI V3{P1})
-----Checking for Clash: ($OA V0{a} $CO V0{b}$AO $NI V3{P}) and ($OA V0{a} $CO V0{b}$AO $NI V3{P1})
-----Checking for Clash: (V0{b} $IN V1{C}) and ($OA V0{a} $CO V0{b}$AO $NI V3{P1})
-----Checking for Clash: (V0{b} $IN V1{B})
-----Checking for Tautology: (V0{b} $IN V1{B})
-----Checking for Clash: (V0{a} $NI V1{A}) and (V0{b} $IN V1{B})
-----Checking for Clash: ($OA V0{a} $CO V0{b}$AO $NI V3{P}) and (V0{b} $IN V1{B})
-----Checking for Clash: (V0{b} $IN V1{C}) and (V0{b} $IN V1{B})
-----Checking for Clash: ($OA V0{a} $CO V0{b}$AO $NI V3{P1}) and (V0{b} $IN V1{B})
-----Checking for Clash: (V0{a} $NI V1{A}) and ($OA V0{b} $CO V0{a}$AO $NI V3{P1})
-----Checking for Clash: (V0{a} $NI V1{A}) and (V0{a} $NI V1{C})
-----Checking for Clash: (V0{a} $NI V1{A}) and ($OA V0{b} $CO V0{a}$AO $IN V3{P})
-----Checking for Clash: (V0{a} $NI V1{A}) and (V0{b} $IN V1{A})
-----Checking for Clash: (V0{a} $NI V1{A}) and ($OA V0{a} $CO V0{a}$AO $NI V3{P})
-----Checking for Clash: (V0{a} $NI V1{A}) and ($OA V0{b} $CO V0{b}$AO $NI V3{P})
-----Checking for Clash: ($OA V0{a} $CO V0{b}$AO $NI V3{P}) and ($OA V0{b} $CO V0{a}$AO $NI V3{P1})
-----Checking for Clash: ($OA V0{a} $CO V0{b}$AO $NI V3{P}) and (V0{a} $NI V1{C})
-----Checking for Clash: ($OA V0{a} $CO V0{b}$AO $NI V3{P}) and ($OA V0{b} $CO V0{a}$AO $IN V3{P})
-----Checking for Clash: ($OA V0{a} $CO V0{b}$AO $NI V3{P}) and (V0{b} $IN V1{A})
-----Checking for Clash: ($OA V0{a} $CO V0{b}$AO $NI V3{P}) and ($OA V0{a} $CO V0{a}$AO $NI V3{P})
-----Checking for Clash: ($OA V0{a} $CO V0{b}$AO $NI V3{P}) and ($OA V0{b} $CO V0{b}$AO $NI V3{P})
-----Checking for Clash: (V0{b} $IN V1{C}) and ($OA V0{b} $CO V0{a}$AO $NI V3{P1})
-----Checking for Clash: (V0{b} $IN V1{C}) and (V0{a} $NI V1{C})
-----Checking for Clash: (V0{b} $IN V1{C}) and ($OA V0{b} $CO V0{a}$AO $IN V3{P})
-----Checking for Clash: (V0{b} $IN V1{C}) and (V0{b} $IN V1{A})
-----Checking for Clash: (V0{b} $IN V1{C}) and ($OA V0{a} $CO V0{a}$AO $NI V3{P})
-----Checking for Clash: (V0{b} $IN V1{C}) and ($OA V0{b} $CO V0{b}$AO $NI V3{P})
-----Checking for Clash: ($OA V0{a} $CO V0{b}$AO $NI V3{P1}) and ($OA V0{b} $CO V0{a}$AO $NI V3{P1})
-----Checking for Clash: ($OA V0{a} $CO V0{b}$AO $NI V3{P1}) and (V0{a} $NI V1{C})
-----Checking for Clash: ($OA V0{a} $CO V0{b}$AO $NI V3{P1}) and ($OA V0{b} $CO V0{a}$AO $IN V3{P})
-----Checking for Clash: ($OA V0{a} $CO V0{b}$AO $NI V3{P1}) and (V0{b} $IN V1{A})
-----Checking for Clash: ($OA V0{a} $CO V0{b}$AO $NI V3{P1}) and ($OA V0{a} $CO V0{a}$AO $NI V3{P})
-----Checking for Clash: ($OA V0{a} $CO V0{b}$AO $NI V3{P1}) and ($OA V0{b} $CO V0{b}$AO $NI V3{P})
-----Checking for Clash: (V0{b} $IN V1{B}) and ($OA V0{b} $CO V0{a}$AO $NI V3{P1})
-----Checking for Clash: (V0{b} $IN V1{B}) and (V0{a} $NI V1{C})
-----Checking for Clash: (V0{b} $IN V1{B}) and ($OA V0{b} $CO V0{a}$AO $IN V3{P})
-----Checking for Clash: (V0{b} $IN V1{B}) and (V0{b} $IN V1{A})
-----Checking for Clash: (V0{b} $IN V1{B}) and ($OA V0{a} $CO V0{a}$AO $NI V3{P})
-----Checking for Clash: (V0{b} $IN V1{B}) and ($OA V0{b} $CO V0{b}$AO $NI V3{P})
---Applying PB-RULE
----- Computing Literal from PB-Rule. 
------ Computing Literal from PB-Rule. (V0{a} $NI V1{A})
------ Computing Literal from PB-Rule. (V0{a} $IN V1{A})
------ Computing Literal from PB-Rule. ($OA V0{a} $CO V0{b}$AO $NI V3{P})
------ Computing Literal from PB-Rule. ($OA V0{a} $CO V0{b}$AO $IN V3{P})
------ Computing Literal from PB-Rule. (V0{b} $IN V1{C})
------ Computing Literal from PB-Rule. (V0{b} $NI V1{C})
------ Computing Literal from PB-Rule. ($OA V0{a} $CO V0{b}$AO $NI V3{P1})
------ Computing Literal from PB-Rule. ($OA V0{a} $CO V0{b}$AO $IN V3{P1})
------ Computing Literal from PB-Rule. (V0{b} $IN V1{B})
-----Checking for Clash: (V0{a} $NI V1{A})
-----Checking for Tautology: (V0{a} $NI V1{A})
-----Checking for Clash: ($OA V0{a} $CO V0{b}$AO $NI V3{P})
-----Checking for Tautology: ($OA V0{a} $CO V0{b}$AO $NI V3{P})
-----Checking for Clash: (V0{a} $NI V1{A}) and ($OA V0{a} $CO V0{b}$AO $NI V3{P})
-----Checking for Clash: (V0{b} $IN V1{C})
-----Checking for Tautology: (V0{b} $IN V1{C})
-----Checking for Clash: (V0{a} $NI V1{A}) and (V0{b} $IN V1{C})
-----Checking for Clash: ($OA V0{a} $CO V0{b}$AO $NI V3{P}) and (V0{b} $IN V1{C})
-----Checking for Clash: ($OA V0{a} $CO V0{b}$AO $NI V3{P1})
-----Checking for Tautology: ($OA V0{a} $CO V0{b}$AO $NI V3{P1})
-----Checking for Clash: (V0{a} $NI V1{A}) and ($OA V0{a} $CO V0{b}$AO $NI V3{P1})
-----Checking for Clash: ($OA V0{a} $CO V0{b}$AO $NI V3{P}) and ($OA V0{a} $CO V0{b}$AO $NI V3{P1})
-----Checking for Clash: (V0{b} $IN V1{C}) and ($OA V0{a} $CO V0{b}$AO $NI V3{P1})
-----Checking for Clash: (V0{b} $IN V1{B})
-----Checking for Tautology: (V0{b} $IN V1{B})
-----Checking for Clash: (V0{a} $NI V1{A}) and (V0{b} $IN V1{B})
-----Checking for Clash: ($OA V0{a} $CO V0{b}$AO $NI V3{P}) and (V0{b} $IN V1{B})
-----Checking for Clash: (V0{b} $IN V1{C}) and (V0{b} $IN V1{B})
-----Checking for Clash: ($OA V0{a} $CO V0{b}$AO $NI V3{P1}) and (V0{b} $IN V1{B})
-----Checking for Clash: (V0{a} $NI V1{A}) and ($OA V0{b} $CO V0{a}$AO $IN V3{P1})
-----Checking for Clash: (V0{a} $NI V1{A}) and (V0{a} $IN V1{B})
-----Checking for Clash: (V0{a} $NI V1{A}) and (V0{a} $NI V1{C})
-----Checking for Clash: (V0{a} $NI V1{A}) and ($OA V0{b} $CO V0{a}$AO $IN V3{P})
-----Checking for Clash: (V0{a} $NI V1{A}) and (V0{b} $IN V1{A})
-----Checking for Clash: (V0{a} $NI V1{A}) and ($OA V0{a} $CO V0{a}$AO $NI V3{P})
-----Checking for Clash: (V0{a} $NI V1{A}) and ($OA V0{b} $CO V0{b}$AO $NI V3{P})
-----Checking for Clash: ($OA V0{a} $CO V0{b}$AO $NI V3{P}) and ($OA V0{b} $CO V0{a}$AO $IN V3{P1})
-----Checking for Clash: ($OA V0{a} $CO V0{b}$AO $NI V3{P}) and (V0{a} $IN V1{B})
-----Checking for Clash: ($OA V0{a} $CO V0{b}$AO $NI V3{P}) and (V0{a} $NI V1{C})
-----Checking for Clash: ($OA V0{a} $CO V0{b}$AO $NI V3{P}) and ($OA V0{b} $CO V0{a}$AO $IN V3{P})
-----Checking for Clash: ($OA V0{a} $CO V0{b}$AO $NI V3{P}) and (V0{b} $IN V1{A})
-----Checking for Clash: ($OA V0{a} $CO V0{b}$AO $NI V3{P}) and ($OA V0{a} $CO V0{a}$AO $NI V3{P})
-----Checking for Clash: ($OA V0{a} $CO V0{b}$AO $NI V3{P}) and ($OA V0{b} $CO V0{b}$AO $NI V3{P})
-----Checking for Clash: (V0{b} $IN V1{C}) and ($OA V0{b} $CO V0{a}$AO $IN V3{P1})
-----Checking for Clash: (V0{b} $IN V1{C}) and (V0{a} $IN V1{B})
-----Checking for Clash: (V0{b} $IN V1{C}) and (V0{a} $NI V1{C})
-----Checking for Clash: (V0{b} $IN V1{C}) and ($OA V0{b} $CO V0{a}$AO $IN V3{P})
-----Checking for Clash: (V0{b} $IN V1{C}) and (V0{b} $IN V1{A})
-----Checking for Clash: (V0{b} $IN V1{C}) and ($OA V0{a} $CO V0{a}$AO $NI V3{P})
-----Checking for Clash: (V0{b} $IN V1{C}) and ($OA V0{b} $CO V0{b}$AO $NI V3{P})
-----Checking for Clash: ($OA V0{a} $CO V0{b}$AO $NI V3{P1}) and ($OA V0{b} $CO V0{a}$AO $IN V3{P1})
-----Checking for Clash: ($OA V0{a} $CO V0{b}$AO $NI V3{P1}) and (V0{a} $IN V1{B})
-----Checking for Clash: ($OA V0{a} $CO V0{b}$AO $NI V3{P1}) and (V0{a} $NI V1{C})
-----Checking for Clash: ($OA V0{a} $CO V0{b}$AO $NI V3{P1}) and ($OA V0{b} $CO V0{a}$AO $IN V3{P})
-----Checking for Clash: ($OA V0{a} $CO V0{b}$AO $NI V3{P1}) and (V0{b} $IN V1{A})
-----Checking for Clash: ($OA V0{a} $CO V0{b}$AO $NI V3{P1}) and ($OA V0{a} $CO V0{a}$AO $NI V3{P})
-----Checking for Clash: ($OA V0{a} $CO V0{b}$AO $NI V3{P1}) and ($OA V0{b} $CO V0{b}$AO $NI V3{P})
-----Checking for Clash: (V0{b} $IN V1{B}) and ($OA V0{b} $CO V0{a}$AO $IN V3{P1})
-----Checking for Clash: (V0{b} $IN V1{B}) and (V0{a} $IN V1{B})
-----Checking for Clash: (V0{b} $IN V1{B}) and (V0{a} $NI V1{C})
-----Checking for Clash: (V0{b} $IN V1{B}) and ($OA V0{b} $CO V0{a}$AO $IN V3{P})
-----Checking for Clash: (V0{b} $IN V1{B}) and (V0{b} $IN V1{A})
-----Checking for Clash: (V0{b} $IN V1{B}) and ($OA V0{a} $CO V0{a}$AO $NI V3{P})
-----Checking for Clash: (V0{b} $IN V1{B}) and ($OA V0{b} $CO V0{b}$AO $NI V3{P})
---Applying PB-RULE
----- Computing Literal from PB-Rule. 
------ Computing Literal from PB-Rule. (V0{a} $NI V1{A})
------ Computing Literal from PB-Rule. (V0{a} $IN V1{A})
------ Computing Literal from PB-Rule. ($OA V0{a} $CO V0{b}$AO $NI V3{P})
------ Computing Literal from PB-Rule. ($OA V0{a} $CO V0{b}$AO $IN V3{P})
------ Computing Literal from PB-Rule. (V0{b} $IN V1{C})
------ Computing Literal from PB-Rule. (V0{b} $NI V1{C})
------ Computing Literal from PB-Rule. ($OA V0{a} $CO V0{b}$AO $NI V3{P1})
------ Computing Literal from PB-Rule. ($OA V0{a} $CO V0{b}$AO $IN V3{P1})
------ Computing Literal from PB-Rule. (V0{b} $IN V1{B})
------Fulfilling formula: ( (V0{b} $NI V1{A})  $OR ( ( ($OA V0{b} $CO V0{b}$AO $NI V3{P})  $OR (V0{b} $IN V1{C}) ) $OR ( ($OA V0{b} $CO V0{b}$AO $NI V3{P1})  $OR (V0{b} $IN V1{B}) )))
-----Checking for Clash: (V0{b} $NI V1{A})
-----Checking for Tautology: (V0{b} $NI V1{A})
-----Checking for Clash: ($OA V0{b} $CO V0{b}$AO $NI V3{P})
-----Checking for Tautology: ($OA V0{b} $CO V0{b}$AO $NI V3{P})
-----Checking for Clash: (V0{b} $NI V1{A}) and ($OA V0{b} $CO V0{b}$AO $NI V3{P})
-----Checking for Clash: (V0{b} $IN V1{C})
-----Checking for Tautology: (V0{b} $IN V1{C})
-----Checking for Clash: (V0{b} $NI V1{A}) and (V0{b} $IN V1{C})
-----Checking for Clash: ($OA V0{b} $CO V0{b}$AO $NI V3{P}) and (V0{b} $IN V1{C})
-----Checking for Clash: ($OA V0{b} $CO V0{b}$AO $NI V3{P1})
-----Checking for Tautology: ($OA V0{b} $CO V0{b}$AO $NI V3{P1})
-----Checking for Clash: (V0{b} $NI V1{A}) and ($OA V0{b} $CO V0{b}$AO $NI V3{P1})
-----Checking for Clash: ($OA V0{b} $CO V0{b}$AO $NI V3{P}) and ($OA V0{b} $CO V0{b}$AO $NI V3{P1})
-----Checking for Clash: (V0{b} $IN V1{C}) and ($OA V0{b} $CO V0{b}$AO $NI V3{P1})
-----Checking for Clash: (V0{b} $IN V1{B})
-----Checking for Tautology: (V0{b} $IN V1{B})
-----Checking for Clash: (V0{b} $NI V1{A}) and (V0{b} $IN V1{B})
-----Checking for Clash: ($OA V0{b} $CO V0{b}$AO $NI V3{P}) and (V0{b} $IN V1{B})
-----Checking for Clash: (V0{b} $IN V1{C}) and (V0{b} $IN V1{B})
-----Checking for Clash: ($OA V0{b} $CO V0{b}$AO $NI V3{P1}) and (V0{b} $IN V1{B})
-----Checking for Clash: (V0{b} $NI V1{A}) and (V0{a} $NI V1{A})
-----Checking for Clash: (V0{b} $NI V1{A}) and (V0{b} $NI V1{A})
-----Checking for Clash: (V0{b} $NI V1{A})
-----Checking for Tautology: (V0{b} $NI V1{A})
-----Checking for Clash: ($OA V0{b} $CO V0{b}$AO $NI V3{P})
-----Checking for Tautology: ($OA V0{b} $CO V0{b}$AO $NI V3{P})
-----Checking for Clash: (V0{b} $NI V1{A}) and ($OA V0{b} $CO V0{b}$AO $NI V3{P})
-----Checking for Clash: (V0{b} $IN V1{C})
-----Checking for Tautology: (V0{b} $IN V1{C})
-----Checking for Clash: (V0{b} $NI V1{A}) and (V0{b} $IN V1{C})
-----Checking for Clash: ($OA V0{b} $CO V0{b}$AO $NI V3{P}) and (V0{b} $IN V1{C})
-----Checking for Clash: ($OA V0{b} $CO V0{b}$AO $NI V3{P1})
-----Checking for Tautology: ($OA V0{b} $CO V0{b}$AO $NI V3{P1})
-----Checking for Clash: (V0{b} $NI V1{A}) and ($OA V0{b} $CO V0{b}$AO $NI V3{P1})
-----Checking for Clash: ($OA V0{b} $CO V0{b}$AO $NI V3{P}) and ($OA V0{b} $CO V0{b}$AO $NI V3{P1})
-----Checking for Clash: (V0{b} $IN V1{C}) and ($OA V0{b} $CO V0{b}$AO $NI V3{P1})
-----Checking for Clash: (V0{b} $IN V1{B})
-----Checking for Tautology: (V0{b} $IN V1{B})
-----Checking for Clash: (V0{b} $NI V1{A}) and (V0{b} $IN V1{B})
-----Checking for Clash: ($OA V0{b} $CO V0{b}$AO $NI V3{P}) and (V0{b} $IN V1{B})
-----Checking for Clash: (V0{b} $IN V1{C}) and (V0{b} $IN V1{B})
-----Checking for Clash: ($OA V0{b} $CO V0{b}$AO $NI V3{P1}) and (V0{b} $IN V1{B})
-----Checking for Clash: (V0{b} $NI V1{A}) and ($OA V0{a} $CO V0{b}$AO $NI V3{P})
-----Checking for Clash: (V0{b} $NI V1{A}) and (V0{a} $IN V1{A})
-----Checking for Clash: (V0{b} $NI V1{A}) and (V0{b} $NI V1{A})
-----Checking for Clash: (V0{b} $NI V1{A})
-----Checking for Tautology: (V0{b} $NI V1{A})
-----Checking for Clash: ($OA V0{b} $CO V0{b}$AO $NI V3{P})
-----Checking for Tautology: ($OA V0{b} $CO V0{b}$AO $NI V3{P})
-----Checking for Clash: (V0{b} $NI V1{A}) and ($OA V0{b} $CO V0{b}$AO $NI V3{P})
-----Checking for Clash: (V0{b} $IN V1{C})
-----Checking for Tautology: (V0{b} $IN V1{C})
-----Checking for Clash: (V0{b} $NI V1{A}) and (V0{b} $IN V1{C})
-----Checking for Clash: ($OA V0{b} $CO V0{b}$AO $NI V3{P}) and (V0{b} $IN V1{C})
-----Checking for Clash: ($OA V0{b} $CO V0{b}$AO $NI V3{P1})
-----Checking for Tautology: ($OA V0{b} $CO V0{b}$AO $NI V3{P1})
-----Checking for Clash: (V0{b} $NI V1{A}) and ($OA V0{b} $CO V0{b}$AO $NI V3{P1})
-----Checking for Clash: ($OA V0{b} $CO V0{b}$AO $NI V3{P}) and ($OA V0{b} $CO V0{b}$AO $NI V3{P1})
-----Checking for Clash: (V0{b} $IN V1{C}) and ($OA V0{b} $CO V0{b}$AO $NI V3{P1})
-----Checking for Clash: (V0{b} $IN V1{B})
-----Checking for Tautology: (V0{b} $IN V1{B})
-----Checking for Clash: (V0{b} $NI V1{A}) and (V0{b} $IN V1{B})
-----Checking for Clash: ($OA V0{b} $CO V0{b}$AO $NI V3{P}) and (V0{b} $IN V1{B})
-----Checking for Clash: (V0{b} $IN V1{C}) and (V0{b} $IN V1{B})
-----Checking for Clash: ($OA V0{b} $CO V0{b}$AO $NI V3{P1}) and (V0{b} $IN V1{B})
-----Checking for Clash: (V0{b} $NI V1{A}) and (V0{b} $IN V1{C})
-----Checking for Clash: (V0{b} $NI V1{A}) and ($OA V0{a} $CO V0{b}$AO $IN V3{P})
-----Checking for Clash: (V0{b} $NI V1{A}) and (V0{a} $IN V1{A})
-----Checking for Clash: (V0{b} $NI V1{A}) and (V0{b} $NI V1{A})
-----Checking for Clash: (V0{b} $NI V1{A})
-----Checking for Tautology: (V0{b} $NI V1{A})
-----Checking for Clash: ($OA V0{b} $CO V0{b}$AO $NI V3{P})
-----Checking for Tautology: ($OA V0{b} $CO V0{b}$AO $NI V3{P})
-----Checking for Clash: (V0{b} $NI V1{A}) and ($OA V0{b} $CO V0{b}$AO $NI V3{P})
-----Checking for Clash: (V0{b} $IN V1{C})
-----Checking for Tautology: (V0{b} $IN V1{C})
-----Checking for Clash: (V0{b} $NI V1{A}) and (V0{b} $IN V1{C})
-----Checking for Clash: ($OA V0{b} $CO V0{b}$AO $NI V3{P}) and (V0{b} $IN V1{C})
-----Checking for Clash: ($OA V0{b} $CO V0{b}$AO $NI V3{P1})
-----Checking for Tautology: ($OA V0{b} $CO V0{b}$AO $NI V3{P1})
-----Checking for Clash: (V0{b} $NI V1{A}) and ($OA V0{b} $CO V0{b}$AO $NI V3{P1})
-----Checking for Clash: ($OA V0{b} $CO V0{b}$AO $NI V3{P}) and ($OA V0{b} $CO V0{b}$AO $NI V3{P1})
-----Checking for Clash: (V0{b} $IN V1{C}) and ($OA V0{b} $CO V0{b}$AO $NI V3{P1})
-----Checking for Clash: (V0{b} $IN V1{B})
-----Checking for Tautology: (V0{b} $IN V1{B})
-----Checking for Clash: (V0{b} $NI V1{A}) and (V0{b} $IN V1{B})
-----Checking for Clash: ($OA V0{b} $CO V0{b}$AO $NI V3{P}) and (V0{b} $IN V1{B})
-----Checking for Clash: (V0{b} $IN V1{C}) and (V0{b} $IN V1{B})
-----Checking for Clash: ($OA V0{b} $CO V0{b}$AO $NI V3{P1}) and (V0{b} $IN V1{B})
-----Checking for Clash: (V0{b} $NI V1{A}) and ($OA V0{a} $CO V0{b}$AO $NI V3{P1})
-----Checking for Clash: (V0{b} $NI V1{A}) and (V0{b} $NI V1{C})
-----Checking for Clash: (V0{b} $NI V1{A}) and ($OA V0{a} $CO V0{b}$AO $IN V3{P})
-----Checking for Clash: (V0{b} $NI V1{A}) and (V0{a} $IN V1{A})
-----Checking for Clash: (V0{b} $NI V1{A}) and (V0{b} $NI V1{A})
-----Checking for Clash: (V0{b} $NI V1{A})
-----Checking for Tautology: (V0{b} $NI V1{A})
-----Checking for Clash: ($OA V0{b} $CO V0{b}$AO $NI V3{P})
-----Checking for Tautology: ($OA V0{b} $CO V0{b}$AO $NI V3{P})
-----Checking for Clash: (V0{b} $NI V1{A}) and ($OA V0{b} $CO V0{b}$AO $NI V3{P})
-----Checking for Clash: (V0{b} $IN V1{C})
-----Checking for Tautology: (V0{b} $IN V1{C})
-----Checking for Clash: (V0{b} $NI V1{A}) and (V0{b} $IN V1{C})
-----Checking for Clash: ($OA V0{b} $CO V0{b}$AO $NI V3{P}) and (V0{b} $IN V1{C})
-----Checking for Clash: ($OA V0{b} $CO V0{b}$AO $NI V3{P1})
-----Checking for Tautology: ($OA V0{b} $CO V0{b}$AO $NI V3{P1})
-----Checking for Clash: (V0{b} $NI V1{A}) and ($OA V0{b} $CO V0{b}$AO $NI V3{P1})
-----Checking for Clash: ($OA V0{b} $CO V0{b}$AO $NI V3{P}) and ($OA V0{b} $CO V0{b}$AO $NI V3{P1})
-----Checking for Clash: (V0{b} $IN V1{C}) and ($OA V0{b} $CO V0{b}$AO $NI V3{P1})
-----Checking for Clash: (V0{b} $IN V1{B})
-----Checking for Tautology: (V0{b} $IN V1{B})
-----Checking for Clash: (V0{b} $NI V1{A}) and (V0{b} $IN V1{B})
-----Checking for Clash: ($OA V0{b} $CO V0{b}$AO $NI V3{P}) and (V0{b} $IN V1{B})
-----Checking for Clash: (V0{b} $IN V1{C}) and (V0{b} $IN V1{B})
-----Checking for Clash: ($OA V0{b} $CO V0{b}$AO $NI V3{P1}) and (V0{b} $IN V1{B})
-----Checking for Clash: (V0{b} $NI V1{A}) and ($OA V0{a} $CO V0{b}$AO $IN V3{P1})
-----Checking for Clash: (V0{b} $NI V1{A}) and (V0{b} $IN V1{B})
-----Checking for Clash: (V0{b} $NI V1{A}) and (V0{b} $NI V1{C})
-----Checking for Clash: (V0{b} $NI V1{A}) and ($OA V0{a} $CO V0{b}$AO $IN V3{P})
-----Checking for Clash: (V0{b} $NI V1{A}) and (V0{a} $IN V1{A})
-----Checking for Clash: (V0{b} $NI V1{A}) and (V0{b} $NI V1{A})
-----Checking for Clash: (V0{b} $NI V1{A})
-----Checking for Tautology: (V0{b} $NI V1{A})
-----Checking for Clash: ($OA V0{b} $CO V0{b}$AO $NI V3{P})
-----Checking for Tautology: ($OA V0{b} $CO V0{b}$AO $NI V3{P})
-----Checking for Clash: (V0{b} $NI V1{A}) and ($OA V0{b} $CO V0{b}$AO $NI V3{P})
-----Checking for Clash: (V0{b} $IN V1{C})
-----Checking for Tautology: (V0{b} $IN V1{C})
-----Checking for Clash: (V0{b} $NI V1{A}) and (V0{b} $IN V1{C})
-----Checking for Clash: ($OA V0{b} $CO V0{b}$AO $NI V3{P}) and (V0{b} $IN V1{C})
-----Checking for Clash: ($OA V0{b} $CO V0{b}$AO $NI V3{P1})
-----Checking for Tautology: ($OA V0{b} $CO V0{b}$AO $NI V3{P1})
-----Checking for Clash: (V0{b} $NI V1{A}) and ($OA V0{b} $CO V0{b}$AO $NI V3{P1})
-----Checking for Clash: ($OA V0{b} $CO V0{b}$AO $NI V3{P}) and ($OA V0{b} $CO V0{b}$AO $NI V3{P1})
-----Checking for Clash: (V0{b} $IN V1{C}) and ($OA V0{b} $CO V0{b}$AO $NI V3{P1})
-----Checking for Clash: (V0{b} $IN V1{B})
-----Checking for Tautology: (V0{b} $IN V1{B})
-----Checking for Clash: (V0{b} $NI V1{A}) and (V0{b} $IN V1{B})
-----Checking for Clash: ($OA V0{b} $CO V0{b}$AO $NI V3{P}) and (V0{b} $IN V1{B})
-----Checking for Clash: (V0{b} $IN V1{C}) and (V0{b} $IN V1{B})
-----Checking for Clash: ($OA V0{b} $CO V0{b}$AO $NI V3{P1}) and (V0{b} $IN V1{B})
-----Checking for Clash: (V0{b} $NI V1{A}) and (V0{a} $NI V1{A})
-----Checking for Clash: (V0{b} $NI V1{A}) and ($OA V0{b} $CO V0{a}$AO $NI V3{P})
-----Checking for Clash: (V0{b} $NI V1{A}) and (V0{b} $IN V1{A})
-----Checking for Clash: ($OA V0{b} $CO V0{b}$AO $NI V3{P}) and (V0{a} $NI V1{A})
-----Checking for Clash: ($OA V0{b} $CO V0{b}$AO $NI V3{P}) and ($OA V0{b} $CO V0{a}$AO $NI V3{P})
-----Checking for Clash: ($OA V0{b} $CO V0{b}$AO $NI V3{P}) and (V0{b} $IN V1{A})
-----Checking for Clash: ($OA V0{b} $CO V0{b}$AO $NI V3{P}) and ($OA V0{a} $CO V0{a}$AO $NI V3{P})
-----Checking for Clash: ($OA V0{b} $CO V0{b}$AO $NI V3{P}) and ($OA V0{b} $CO V0{b}$AO $NI V3{P})
-----Checking for Clash: (V0{b} $NI V1{A})
-----Checking for Tautology: (V0{b} $NI V1{A})
-----Checking for Clash: ($OA V0{b} $CO V0{b}$AO $NI V3{P})
-----Checking for Tautology: ($OA V0{b} $CO V0{b}$AO $NI V3{P})
-----Checking for Clash: (V0{b} $NI V1{A}) and ($OA V0{b} $CO V0{b}$AO $NI V3{P})
-----Checking for Clash: (V0{b} $IN V1{C})
-----Checking for Tautology: (V0{b} $IN V1{C})
-----Checking for Clash: (V0{b} $NI V1{A}) and (V0{b} $IN V1{C})
-----Checking for Clash: ($OA V0{b} $CO V0{b}$AO $NI V3{P}) and (V0{b} $IN V1{C})
-----Checking for Clash: ($OA V0{b} $CO V0{b}$AO $NI V3{P1})
-----Checking for Tautology: ($OA V0{b} $CO V0{b}$AO $NI V3{P1})
-----Checking for Clash: (V0{b} $NI V1{A}) and ($OA V0{b} $CO V0{b}$AO $NI V3{P1})
-----Checking for Clash: ($OA V0{b} $CO V0{b}$AO $NI V3{P}) and ($OA V0{b} $CO V0{b}$AO $NI V3{P1})
-----Checking for Clash: (V0{b} $IN V1{C}) and ($OA V0{b} $CO V0{b}$AO $NI V3{P1})
-----Checking for Clash: (V0{b} $IN V1{B})
-----Checking for Tautology: (V0{b} $IN V1{B})
-----Checking for Clash: (V0{b} $NI V1{A}) and (V0{b} $IN V1{B})
-----Checking for Clash: ($OA V0{b} $CO V0{b}$AO $NI V3{P}) and (V0{b} $IN V1{B})
-----Checking for Clash: (V0{b} $IN V1{C}) and (V0{b} $IN V1{B})
-----Checking for Clash: ($OA V0{b} $CO V0{b}$AO $NI V3{P1}) and (V0{b} $IN V1{B})
-----Checking for Clash: (V0{b} $NI V1{A}) and ($OA V0{a} $CO V0{b}$AO $NI V3{P})
-----Checking for Clash: (V0{b} $NI V1{A}) and (V0{a} $IN V1{A})
-----Checking for Clash: (V0{b} $NI V1{A}) and ($OA V0{b} $CO V0{a}$AO $NI V3{P})
-----Checking for Clash: (V0{b} $NI V1{A}) and (V0{b} $IN V1{A})
-----Checking for Clash: ($OA V0{b} $CO V0{b}$AO $NI V3{P}) and ($OA V0{a} $CO V0{b}$AO $NI V3{P})
-----Checking for Clash: ($OA V0{b} $CO V0{b}$AO $NI V3{P}) and (V0{a} $IN V1{A})
-----Checking for Clash: ($OA V0{b} $CO V0{b}$AO $NI V3{P}) and ($OA V0{b} $CO V0{a}$AO $NI V3{P})
-----Checking for Clash: ($OA V0{b} $CO V0{b}$AO $NI V3{P}) and (V0{b} $IN V1{A})
-----Checking for Clash: ($OA V0{b} $CO V0{b}$AO $NI V3{P}) and ($OA V0{a} $CO V0{a}$AO $NI V3{P})
-----Checking for Clash: ($OA V0{b} $CO V0{b}$AO $NI V3{P}) and ($OA V0{b} $CO V0{b}$AO $NI V3{P})
-----Checking for Clash: (V0{b} $NI V1{A})
-----Checking for Tautology: (V0{b} $NI V1{A})
-----Checking for Clash: ($OA V0{b} $CO V0{b}$AO $NI V3{P})
-----Checking for Tautology: ($OA V0{b} $CO V0{b}$AO $NI V3{P})
-----Checking for Clash: (V0{b} $NI V1{A}) and ($OA V0{b} $CO V0{b}$AO $NI V3{P})
-----Checking for Clash: (V0{b} $IN V1{C})
-----Checking for Tautology: (V0{b} $IN V1{C})
-----Checking for Clash: (V0{b} $NI V1{A}) and (V0{b} $IN V1{C})
-----Checking for Clash: ($OA V0{b} $CO V0{b}$AO $NI V3{P}) and (V0{b} $IN V1{C})
-----Checking for Clash: ($OA V0{b} $CO V0{b}$AO $NI V3{P1})
-----Checking for Tautology: ($OA V0{b} $CO V0{b}$AO $NI V3{P1})
-----Checking for Clash: (V0{b} $NI V1{A}) and ($OA V0{b} $CO V0{b}$AO $NI V3{P1})
-----Checking for Clash: ($OA V0{b} $CO V0{b}$AO $NI V3{P}) and ($OA V0{b} $CO V0{b}$AO $NI V3{P1})
-----Checking for Clash: (V0{b} $IN V1{C}) and ($OA V0{b} $CO V0{b}$AO $NI V3{P1})
-----Checking for Clash: (V0{b} $IN V1{B})
-----Checking for Tautology: (V0{b} $IN V1{B})
-----Checking for Clash: (V0{b} $NI V1{A}) and (V0{b} $IN V1{B})
-----Checking for Clash: ($OA V0{b} $CO V0{b}$AO $NI V3{P}) and (V0{b} $IN V1{B})
-----Checking for Clash: (V0{b} $IN V1{C}) and (V0{b} $IN V1{B})
-----Checking for Clash: ($OA V0{b} $CO V0{b}$AO $NI V3{P1}) and (V0{b} $IN V1{B})
-----Checking for Clash: (V0{b} $NI V1{A}) and (V0{b} $IN V1{C})
-----Checking for Clash: (V0{b} $NI V1{A}) and ($OA V0{a} $CO V0{b}$AO $IN V3{P})
-----Checking for Clash: (V0{b} $NI V1{A}) and (V0{a} $IN V1{A})
-----Checking for Clash: (V0{b} $NI V1{A}) and ($OA V0{b} $CO V0{a}$AO $NI V3{P})
-----Checking for Clash: (V0{b} $NI V1{A}) and (V0{b} $IN V1{A})
-----Checking for Clash: ($OA V0{b} $CO V0{b}$AO $NI V3{P}) and (V0{b} $IN V1{C})
-----Checking for Clash: ($OA V0{b} $CO V0{b}$AO $NI V3{P}) and ($OA V0{a} $CO V0{b}$AO $IN V3{P})
-----Checking for Clash: ($OA V0{b} $CO V0{b}$AO $NI V3{P}) and (V0{a} $IN V1{A})
-----Checking for Clash: ($OA V0{b} $CO V0{b}$AO $NI V3{P}) and ($OA V0{b} $CO V0{a}$AO $NI V3{P})
-----Checking for Clash: ($OA V0{b} $CO V0{b}$AO $NI V3{P}) and (V0{b} $IN V1{A})
-----Checking for Clash: ($OA V0{b} $CO V0{b}$AO $NI V3{P}) and ($OA V0{a} $CO V0{a}$AO $NI V3{P})
-----Checking for Clash: ($OA V0{b} $CO V0{b}$AO $NI V3{P}) and ($OA V0{b} $CO V0{b}$AO $NI V3{P})
-----Checking for Clash: (V0{b} $NI V1{A})
-----Checking for Tautology: (V0{b} $NI V1{A})
-----Checking for Clash: ($OA V0{b} $CO V0{b}$AO $NI V3{P})
-----Checking for Tautology: ($OA V0{b} $CO V0{b}$AO $NI V3{P})
-----Checking for Clash: (V0{b} $NI V1{A}) and ($OA V0{b} $CO V0{b}$AO $NI V3{P})
-----Checking for Clash: (V0{b} $IN V1{C})
-----Checking for Tautology: (V0{b} $IN V1{C})
-----Checking for Clash: (V0{b} $NI V1{A}) and (V0{b} $IN V1{C})
-----Checking for Clash: ($OA V0{b} $CO V0{b}$AO $NI V3{P}) and (V0{b} $IN V1{C})
-----Checking for Clash: ($OA V0{b} $CO V0{b}$AO $NI V3{P1})
-----Checking for Tautology: ($OA V0{b} $CO V0{b}$AO $NI V3{P1})
-----Checking for Clash: (V0{b} $NI V1{A}) and ($OA V0{b} $CO V0{b}$AO $NI V3{P1})
-----Checking for Clash: ($OA V0{b} $CO V0{b}$AO $NI V3{P}) and ($OA V0{b} $CO V0{b}$AO $NI V3{P1})
-----Checking for Clash: (V0{b} $IN V1{C}) and ($OA V0{b} $CO V0{b}$AO $NI V3{P1})
-----Checking for Clash: (V0{b} $IN V1{B})
-----Checking for Tautology: (V0{b} $IN V1{B})
-----Checking for Clash: (V0{b} $NI V1{A}) and (V0{b} $IN V1{B})
-----Checking for Clash: ($OA V0{b} $CO V0{b}$AO $NI V3{P}) and (V0{b} $IN V1{B})
-----Checking for Clash: (V0{b} $IN V1{C}) and (V0{b} $IN V1{B})
-----Checking for Clash: ($OA V0{b} $CO V0{b}$AO $NI V3{P1}) and (V0{b} $IN V1{B})
-----Checking for Clash: (V0{b} $NI V1{A}) and ($OA V0{a} $CO V0{b}$AO $NI V3{P1})
-----Checking for Clash: (V0{b} $NI V1{A}) and (V0{b} $NI V1{C})
-----Checking for Clash: (V0{b} $NI V1{A}) and ($OA V0{a} $CO V0{b}$AO $IN V3{P})
-----Checking for Clash: (V0{b} $NI V1{A}) and (V0{a} $IN V1{A})
-----Checking for Clash: (V0{b} $NI V1{A}) and ($OA V0{b} $CO V0{a}$AO $NI V3{P})
-----Checking for Clash: (V0{b} $NI V1{A}) and (V0{b} $IN V1{A})
-----Checking for Clash: ($OA V0{b} $CO V0{b}$AO $NI V3{P}) and ($OA V0{a} $CO V0{b}$AO $NI V3{P1})
-----Checking for Clash: ($OA V0{b} $CO V0{b}$AO $NI V3{P}) and (V0{b} $NI V1{C})
-----Checking for Clash: ($OA V0{b} $CO V0{b}$AO $NI V3{P}) and ($OA V0{a} $CO V0{b}$AO $IN V3{P})
-----Checking for Clash: ($OA V0{b} $CO V0{b}$AO $NI V3{P}) and (V0{a} $IN V1{A})
-----Checking for Clash: ($OA V0{b} $CO V0{b}$AO $NI V3{P}) and ($OA V0{b} $CO V0{a}$AO $NI V3{P})
-----Checking for Clash: ($OA V0{b} $CO V0{b}$AO $NI V3{P}) and (V0{b} $IN V1{A})
-----Checking for Clash: ($OA V0{b} $CO V0{b}$AO $NI V3{P}) and ($OA V0{a} $CO V0{a}$AO $NI V3{P})
-----Checking for Clash: ($OA V0{b} $CO V0{b}$AO $NI V3{P}) and ($OA V0{b} $CO V0{b}$AO $NI V3{P})
-----Checking for Clash: (V0{b} $NI V1{A})
-----Checking for Tautology: (V0{b} $NI V1{A})
-----Checking for Clash: ($OA V0{b} $CO V0{b}$AO $NI V3{P})
-----Checking for Tautology: ($OA V0{b} $CO V0{b}$AO $NI V3{P})
-----Checking for Clash: (V0{b} $NI V1{A}) and ($OA V0{b} $CO V0{b}$AO $NI V3{P})
-----Checking for Clash: (V0{b} $IN V1{C})
-----Checking for Tautology: (V0{b} $IN V1{C})
-----Checking for Clash: (V0{b} $NI V1{A}) and (V0{b} $IN V1{C})
-----Checking for Clash: ($OA V0{b} $CO V0{b}$AO $NI V3{P}) and (V0{b} $IN V1{C})
-----Checking for Clash: ($OA V0{b} $CO V0{b}$AO $NI V3{P1})
-----Checking for Tautology: ($OA V0{b} $CO V0{b}$AO $NI V3{P1})
-----Checking for Clash: (V0{b} $NI V1{A}) and ($OA V0{b} $CO V0{b}$AO $NI V3{P1})
-----Checking for Clash: ($OA V0{b} $CO V0{b}$AO $NI V3{P}) and ($OA V0{b} $CO V0{b}$AO $NI V3{P1})
-----Checking for Clash: (V0{b} $IN V1{C}) and ($OA V0{b} $CO V0{b}$AO $NI V3{P1})
-----Checking for Clash: (V0{b} $IN V1{B})
-----Checking for Tautology: (V0{b} $IN V1{B})
-----Checking for Clash: (V0{b} $NI V1{A}) and (V0{b} $IN V1{B})
-----Checking for Clash: ($OA V0{b} $CO V0{b}$AO $NI V3{P}) and (V0{b} $IN V1{B})
-----Checking for Clash: (V0{b} $IN V1{C}) and (V0{b} $IN V1{B})
-----Checking for Clash: ($OA V0{b} $CO V0{b}$AO $NI V3{P1}) and (V0{b} $IN V1{B})
-----Checking for Clash: (V0{b} $NI V1{A}) and ($OA V0{a} $CO V0{b}$AO $IN V3{P1})
-----Checking for Clash: (V0{b} $NI V1{A}) and (V0{b} $IN V1{B})
-----Checking for Clash: (V0{b} $NI V1{A}) and (V0{b} $NI V1{C})
-----Checking for Clash: (V0{b} $NI V1{A}) and ($OA V0{a} $CO V0{b}$AO $IN V3{P})
-----Checking for Clash: (V0{b} $NI V1{A}) and (V0{a} $IN V1{A})
-----Checking for Clash: (V0{b} $NI V1{A}) and ($OA V0{b} $CO V0{a}$AO $NI V3{P})
-----Checking for Clash: (V0{b} $NI V1{A}) and (V0{b} $IN V1{A})
-----Checking for Clash: ($OA V0{b} $CO V0{b}$AO $NI V3{P}) and ($OA V0{a} $CO V0{b}$AO $IN V3{P1})
-----Checking for Clash: ($OA V0{b} $CO V0{b}$AO $NI V3{P}) and (V0{b} $IN V1{B})
-----Checking for Clash: ($OA V0{b} $CO V0{b}$AO $NI V3{P}) and (V0{b} $NI V1{C})
-----Checking for Clash: ($OA V0{b} $CO V0{b}$AO $NI V3{P}) and ($OA V0{a} $CO V0{b}$AO $IN V3{P})
-----Checking for Clash: ($OA V0{b} $CO V0{b}$AO $NI V3{P}) and (V0{a} $IN V1{A})
-----Checking for Clash: ($OA V0{b} $CO V0{b}$AO $NI V3{P}) and ($OA V0{b} $CO V0{a}$AO $NI V3{P})
-----Checking for Clash: ($OA V0{b} $CO V0{b}$AO $NI V3{P}) and (V0{b} $IN V1{A})
-----Checking for Clash: ($OA V0{b} $CO V0{b}$AO $NI V3{P}) and ($OA V0{a} $CO V0{a}$AO $NI V3{P})
-----Checking for Clash: ($OA V0{b} $CO V0{b}$AO $NI V3{P}) and ($OA V0{b} $CO V0{b}$AO $NI V3{P})
-----Checking for Clash: (V0{b} $NI V1{A})
-----Checking for Tautology: (V0{b} $NI V1{A})
-----Checking for Clash: ($OA V0{b} $CO V0{b}$AO $NI V3{P})
-----Checking for Tautology: ($OA V0{b} $CO V0{b}$AO $NI V3{P})
-----Checking for Clash: (V0{b} $NI V1{A}) and ($OA V0{b} $CO V0{b}$AO $NI V3{P})
-----Checking for Clash: (V0{b} $IN V1{C})
-----Checking for Tautology: (V0{b} $IN V1{C})
-----Checking for Clash: (V0{b} $NI V1{A}) and (V0{b} $IN V1{C})
-----Checking for Clash: ($OA V0{b} $CO V0{b}$AO $NI V3{P}) and (V0{b} $IN V1{C})
-----Checking for Clash: ($OA V0{b} $CO V0{b}$AO $NI V3{P1})
-----Checking for Tautology: ($OA V0{b} $CO V0{b}$AO $NI V3{P1})
-----Checking for Clash: (V0{b} $NI V1{A}) and ($OA V0{b} $CO V0{b}$AO $NI V3{P1})
-----Checking for Clash: ($OA V0{b} $CO V0{b}$AO $NI V3{P}) and ($OA V0{b} $CO V0{b}$AO $NI V3{P1})
-----Checking for Clash: (V0{b} $IN V1{C}) and ($OA V0{b} $CO V0{b}$AO $NI V3{P1})
-----Checking for Clash: (V0{b} $IN V1{B})
-----Checking for Tautology: (V0{b} $IN V1{B})
-----Checking for Clash: (V0{b} $NI V1{A}) and (V0{b} $IN V1{B})
-----Checking for Clash: ($OA V0{b} $CO V0{b}$AO $NI V3{P}) and (V0{b} $IN V1{B})
-----Checking for Clash: (V0{b} $IN V1{C}) and (V0{b} $IN V1{B})
-----Checking for Clash: ($OA V0{b} $CO V0{b}$AO $NI V3{P1}) and (V0{b} $IN V1{B})
-----Checking for Clash: (V0{b} $NI V1{A}) and (V0{a} $NI V1{A})
-----Checking for Clash: (V0{b} $NI V1{A}) and (V0{a} $IN V1{C})
-----Checking for Clash: (V0{b} $NI V1{A}) and ($OA V0{b} $CO V0{a}$AO $IN V3{P})
-----Checking for Clash: (V0{b} $NI V1{A}) and (V0{b} $IN V1{A})
-----Checking for Clash: ($OA V0{b} $CO V0{b}$AO $NI V3{P}) and (V0{a} $NI V1{A})
-----Checking for Clash: ($OA V0{b} $CO V0{b}$AO $NI V3{P}) and (V0{a} $IN V1{C})
-----Checking for Clash: ($OA V0{b} $CO V0{b}$AO $NI V3{P}) and ($OA V0{b} $CO V0{a}$AO $IN V3{P})
-----Checking for Clash: ($OA V0{b} $CO V0{b}$AO $NI V3{P}) and (V0{b} $IN V1{A})
-----Checking for Clash: ($OA V0{b} $CO V0{b}$AO $NI V3{P}) and ($OA V0{a} $CO V0{a}$AO $NI V3{P})
-----Checking for Clash: ($OA V0{b} $CO V0{b}$AO $NI V3{P}) and ($OA V0{b} $CO V0{b}$AO $NI V3{P})
-----Checking for Clash: (V0{b} $NI V1{A})
-----Checking for Tautology: (V0{b} $NI V1{A})
-----Checking for Clash: ($OA V0{b} $CO V0{b}$AO $NI V3{P})
-----Checking for Tautology: ($OA V0{b} $CO V0{b}$AO $NI V3{P})
-----Checking for Clash: (V0{b} $NI V1{A}) and ($OA V0{b} $CO V0{b}$AO $NI V3{P})
-----Checking for Clash: (V0{b} $IN V1{C})
-----Checking for Tautology: (V0{b} $IN V1{C})
-----Checking for Clash: (V0{b} $NI V1{A}) and (V0{b} $IN V1{C})
-----Checking for Clash: ($OA V0{b} $CO V0{b}$AO $NI V3{P}) and (V0{b} $IN V1{C})
-----Checking for Clash: ($OA V0{b} $CO V0{b}$AO $NI V3{P1})
-----Checking for Tautology: ($OA V0{b} $CO V0{b}$AO $NI V3{P1})
-----Checking for Clash: (V0{b} $NI V1{A}) and ($OA V0{b} $CO V0{b}$AO $NI V3{P1})
-----Checking for Clash: ($OA V0{b} $CO V0{b}$AO $NI V3{P}) and ($OA V0{b} $CO V0{b}$AO $NI V3{P1})
-----Checking for Clash: (V0{b} $IN V1{C}) and ($OA V0{b} $CO V0{b}$AO $NI V3{P1})
-----Checking for Clash: (V0{b} $IN V1{B})
-----Checking for Tautology: (V0{b} $IN V1{B})
-----Checking for Clash: (V0{b} $NI V1{A}) and (V0{b} $IN V1{B})
-----Checking for Clash: ($OA V0{b} $CO V0{b}$AO $NI V3{P}) and (V0{b} $IN V1{B})
-----Checking for Clash: (V0{b} $IN V1{C}) and (V0{b} $IN V1{B})
-----Checking for Clash: ($OA V0{b} $CO V0{b}$AO $NI V3{P1}) and (V0{b} $IN V1{B})
-----Checking for Clash: (V0{b} $NI V1{A}) and ($OA V0{a} $CO V0{b}$AO $NI V3{P})
-----Checking for Clash: (V0{b} $NI V1{A}) and (V0{a} $IN V1{A})
-----Checking for Clash: (V0{b} $NI V1{A}) and (V0{a} $IN V1{C})
-----Checking for Clash: (V0{b} $NI V1{A}) and ($OA V0{b} $CO V0{a}$AO $IN V3{P})
-----Checking for Clash: (V0{b} $NI V1{A}) and (V0{b} $IN V1{A})
-----Checking for Clash: ($OA V0{b} $CO V0{b}$AO $NI V3{P}) and ($OA V0{a} $CO V0{b}$AO $NI V3{P})
-----Checking for Clash: ($OA V0{b} $CO V0{b}$AO $NI V3{P}) and (V0{a} $IN V1{A})
-----Checking for Clash: ($OA V0{b} $CO V0{b}$AO $NI V3{P}) and (V0{a} $IN V1{C})
-----Checking for Clash: ($OA V0{b} $CO V0{b}$AO $NI V3{P}) and ($OA V0{b} $CO V0{a}$AO $IN V3{P})
-----Checking for Clash: ($OA V0{b} $CO V0{b}$AO $NI V3{P}) and (V0{b} $IN V1{A})
-----Checking for Clash: ($OA V0{b} $CO V0{b}$AO $NI V3{P}) and ($OA V0{a} $CO V0{a}$AO $NI V3{P})
-----Checking for Clash: ($OA V0{b} $CO V0{b}$AO $NI V3{P}) and ($OA V0{b} $CO V0{b}$AO $NI V3{P})
-----Checking for Clash: (V0{b} $NI V1{A})
-----Checking for Tautology: (V0{b} $NI V1{A})
-----Checking for Clash: ($OA V0{b} $CO V0{b}$AO $NI V3{P})
-----Checking for Tautology: ($OA V0{b} $CO V0{b}$AO $NI V3{P})
-----Checking for Clash: (V0{b} $NI V1{A}) and ($OA V0{b} $CO V0{b}$AO $NI V3{P})
-----Checking for Clash: (V0{b} $IN V1{C})
-----Checking for Tautology: (V0{b} $IN V1{C})
-----Checking for Clash: (V0{b} $NI V1{A}) and (V0{b} $IN V1{C})
-----Checking for Clash: ($OA V0{b} $CO V0{b}$AO $NI V3{P}) and (V0{b} $IN V1{C})
-----Checking for Clash: ($OA V0{b} $CO V0{b}$AO $NI V3{P1})
-----Checking for Tautology: ($OA V0{b} $CO V0{b}$AO $NI V3{P1})
-----Checking for Clash: (V0{b} $NI V1{A}) and ($OA V0{b} $CO V0{b}$AO $NI V3{P1})
-----Checking for Clash: ($OA V0{b} $CO V0{b}$AO $NI V3{P}) and ($OA V0{b} $CO V0{b}$AO $NI V3{P1})
-----Checking for Clash: (V0{b} $IN V1{C}) and ($OA V0{b} $CO V0{b}$AO $NI V3{P1})
-----Checking for Clash: (V0{b} $IN V1{B})
-----Checking for Tautology: (V0{b} $IN V1{B})
-----Checking for Clash: (V0{b} $NI V1{A}) and (V0{b} $IN V1{B})
-----Checking for Clash: ($OA V0{b} $CO V0{b}$AO $NI V3{P}) and (V0{b} $IN V1{B})
-----Checking for Clash: (V0{b} $IN V1{C}) and (V0{b} $IN V1{B})
-----Checking for Clash: ($OA V0{b} $CO V0{b}$AO $NI V3{P1}) and (V0{b} $IN V1{B})
-----Checking for Clash: (V0{b} $NI V1{A}) and (V0{b} $IN V1{C})
-----Checking for Clash: (V0{b} $NI V1{A}) and ($OA V0{a} $CO V0{b}$AO $IN V3{P})
-----Checking for Clash: (V0{b} $NI V1{A}) and (V0{a} $IN V1{A})
-----Checking for Clash: (V0{b} $NI V1{A}) and (V0{a} $IN V1{C})
-----Checking for Clash: (V0{b} $NI V1{A}) and ($OA V0{b} $CO V0{a}$AO $IN V3{P})
-----Checking for Clash: (V0{b} $NI V1{A}) and (V0{b} $IN V1{A})
-----Checking for Clash: ($OA V0{b} $CO V0{b}$AO $NI V3{P}) and (V0{b} $IN V1{C})
-----Checking for Clash: ($OA V0{b} $CO V0{b}$AO $NI V3{P}) and ($OA V0{a} $CO V0{b}$AO $IN V3{P})
-----Checking for Clash: ($OA V0{b} $CO V0{b}$AO $NI V3{P}) and (V0{a} $IN V1{A})
-----Checking for Clash: ($OA V0{b} $CO V0{b}$AO $NI V3{P}) and (V0{a} $IN V1{C})
-----Checking for Clash: ($OA V0{b} $CO V0{b}$AO $NI V3{P}) and ($OA V0{b} $CO V0{a}$AO $IN V3{P})
-----Checking for Clash: ($OA V0{b} $CO V0{b}$AO $NI V3{P}) and (V0{b} $IN V1{A})
-----Checking for Clash: ($OA V0{b} $CO V0{b}$AO $NI V3{P}) and ($OA V0{a} $CO V0{a}$AO $NI V3{P})
-----Checking for Clash: ($OA V0{b} $CO V0{b}$AO $NI V3{P}) and ($OA V0{b} $CO V0{b}$AO $NI V3{P})
-----Checking for Clash: (V0{b} $NI V1{A})
-----Checking for Tautology: (V0{b} $NI V1{A})
-----Checking for Clash: ($OA V0{b} $CO V0{b}$AO $NI V3{P})
-----Checking for Tautology: ($OA V0{b} $CO V0{b}$AO $NI V3{P})
-----Checking for Clash: (V0{b} $NI V1{A}) and ($OA V0{b} $CO V0{b}$AO $NI V3{P})
-----Checking for Clash: (V0{b} $IN V1{C})
-----Checking for Tautology: (V0{b} $IN V1{C})
-----Checking for Clash: (V0{b} $NI V1{A}) and (V0{b} $IN V1{C})
-----Checking for Clash: ($OA V0{b} $CO V0{b}$AO $NI V3{P}) and (V0{b} $IN V1{C})
-----Checking for Clash: ($OA V0{b} $CO V0{b}$AO $NI V3{P1})
-----Checking for Tautology: ($OA V0{b} $CO V0{b}$AO $NI V3{P1})
-----Checking for Clash: (V0{b} $NI V1{A}) and ($OA V0{b} $CO V0{b}$AO $NI V3{P1})
-----Checking for Clash: ($OA V0{b} $CO V0{b}$AO $NI V3{P}) and ($OA V0{b} $CO V0{b}$AO $NI V3{P1})
-----Checking for Clash: (V0{b} $IN V1{C}) and ($OA V0{b} $CO V0{b}$AO $NI V3{P1})
-----Checking for Clash: (V0{b} $IN V1{B})
-----Checking for Tautology: (V0{b} $IN V1{B})
-----Checking for Clash: (V0{b} $NI V1{A}) and (V0{b} $IN V1{B})
-----Checking for Clash: ($OA V0{b} $CO V0{b}$AO $NI V3{P}) and (V0{b} $IN V1{B})
-----Checking for Clash: (V0{b} $IN V1{C}) and (V0{b} $IN V1{B})
-----Checking for Clash: ($OA V0{b} $CO V0{b}$AO $NI V3{P1}) and (V0{b} $IN V1{B})
-----Checking for Clash: (V0{b} $NI V1{A}) and ($OA V0{a} $CO V0{b}$AO $NI V3{P1})
-----Checking for Clash: (V0{b} $NI V1{A}) and (V0{b} $NI V1{C})
-----Checking for Clash: (V0{b} $NI V1{A}) and ($OA V0{a} $CO V0{b}$AO $IN V3{P})
-----Checking for Clash: (V0{b} $NI V1{A}) and (V0{a} $IN V1{A})
-----Checking for Clash: (V0{b} $NI V1{A}) and (V0{a} $IN V1{C})
-----Checking for Clash: (V0{b} $NI V1{A}) and ($OA V0{b} $CO V0{a}$AO $IN V3{P})
-----Checking for Clash: (V0{b} $NI V1{A}) and (V0{b} $IN V1{A})
-----Checking for Clash: ($OA V0{b} $CO V0{b}$AO $NI V3{P}) and ($OA V0{a} $CO V0{b}$AO $NI V3{P1})
-----Checking for Clash: ($OA V0{b} $CO V0{b}$AO $NI V3{P}) and (V0{b} $NI V1{C})
-----Checking for Clash: ($OA V0{b} $CO V0{b}$AO $NI V3{P}) and ($OA V0{a} $CO V0{b}$AO $IN V3{P})
-----Checking for Clash: ($OA V0{b} $CO V0{b}$AO $NI V3{P}) and (V0{a} $IN V1{A})
-----Checking for Clash: ($OA V0{b} $CO V0{b}$AO $NI V3{P}) and (V0{a} $IN V1{C})
-----Checking for Clash: ($OA V0{b} $CO V0{b}$AO $NI V3{P}) and ($OA V0{b} $CO V0{a}$AO $IN V3{P})
-----Checking for Clash: ($OA V0{b} $CO V0{b}$AO $NI V3{P}) and (V0{b} $IN V1{A})
-----Checking for Clash: ($OA V0{b} $CO V0{b}$AO $NI V3{P}) and ($OA V0{a} $CO V0{a}$AO $NI V3{P})
-----Checking for Clash: ($OA V0{b} $CO V0{b}$AO $NI V3{P}) and ($OA V0{b} $CO V0{b}$AO $NI V3{P})
-----Checking for Clash: (V0{b} $NI V1{A})
-----Checking for Tautology: (V0{b} $NI V1{A})
-----Checking for Clash: ($OA V0{b} $CO V0{b}$AO $NI V3{P})
-----Checking for Tautology: ($OA V0{b} $CO V0{b}$AO $NI V3{P})
-----Checking for Clash: (V0{b} $NI V1{A}) and ($OA V0{b} $CO V0{b}$AO $NI V3{P})
-----Checking for Clash: (V0{b} $IN V1{C})
-----Checking for Tautology: (V0{b} $IN V1{C})
-----Checking for Clash: (V0{b} $NI V1{A}) and (V0{b} $IN V1{C})
-----Checking for Clash: ($OA V0{b} $CO V0{b}$AO $NI V3{P}) and (V0{b} $IN V1{C})
-----Checking for Clash: ($OA V0{b} $CO V0{b}$AO $NI V3{P1})
-----Checking for Tautology: ($OA V0{b} $CO V0{b}$AO $NI V3{P1})
-----Checking for Clash: (V0{b} $NI V1{A}) and ($OA V0{b} $CO V0{b}$AO $NI V3{P1})
-----Checking for Clash: ($OA V0{b} $CO V0{b}$AO $NI V3{P}) and ($OA V0{b} $CO V0{b}$AO $NI V3{P1})
-----Checking for Clash: (V0{b} $IN V1{C}) and ($OA V0{b} $CO V0{b}$AO $NI V3{P1})
-----Checking for Clash: (V0{b} $IN V1{B})
-----Checking for Tautology: (V0{b} $IN V1{B})
-----Checking for Clash: (V0{b} $NI V1{A}) and (V0{b} $IN V1{B})
-----Checking for Clash: ($OA V0{b} $CO V0{b}$AO $NI V3{P}) and (V0{b} $IN V1{B})
-----Checking for Clash: (V0{b} $IN V1{C}) and (V0{b} $IN V1{B})
-----Checking for Clash: ($OA V0{b} $CO V0{b}$AO $NI V3{P1}) and (V0{b} $IN V1{B})
-----Checking for Clash: (V0{b} $NI V1{A}) and ($OA V0{a} $CO V0{b}$AO $IN V3{P1})
-----Checking for Clash: (V0{b} $NI V1{A}) and (V0{b} $IN V1{B})
-----Checking for Clash: (V0{b} $NI V1{A}) and (V0{b} $NI V1{C})
-----Checking for Clash: (V0{b} $NI V1{A}) and ($OA V0{a} $CO V0{b}$AO $IN V3{P})
-----Checking for Clash: (V0{b} $NI V1{A}) and (V0{a} $IN V1{A})
-----Checking for Clash: (V0{b} $NI V1{A}) and (V0{a} $IN V1{C})
-----Checking for Clash: (V0{b} $NI V1{A}) and ($OA V0{b} $CO V0{a}$AO $IN V3{P})
-----Checking for Clash: (V0{b} $NI V1{A}) and (V0{b} $IN V1{A})
-----Checking for Clash: ($OA V0{b} $CO V0{b}$AO $NI V3{P}) and ($OA V0{a} $CO V0{b}$AO $IN V3{P1})
-----Checking for Clash: ($OA V0{b} $CO V0{b}$AO $NI V3{P}) and (V0{b} $IN V1{B})
-----Checking for Clash: ($OA V0{b} $CO V0{b}$AO $NI V3{P}) and (V0{b} $NI V1{C})
-----Checking for Clash: ($OA V0{b} $CO V0{b}$AO $NI V3{P}) and ($OA V0{a} $CO V0{b}$AO $IN V3{P})
-----Checking for Clash: ($OA V0{b} $CO V0{b}$AO $NI V3{P}) and (V0{a} $IN V1{A})
-----Checking for Clash: ($OA V0{b} $CO V0{b}$AO $NI V3{P}) and (V0{a} $IN V1{C})
-----Checking for Clash: ($OA V0{b} $CO V0{b}$AO $NI V3{P}) and ($OA V0{b} $CO V0{a}$AO $IN V3{P})
-----Checking for Clash: ($OA V0{b} $CO V0{b}$AO $NI V3{P}) and (V0{b} $IN V1{A})
-----Checking for Clash: ($OA V0{b} $CO V0{b}$AO $NI V3{P}) and ($OA V0{a} $CO V0{a}$AO $NI V3{P})
-----Checking for Clash: ($OA V0{b} $CO V0{b}$AO $NI V3{P}) and ($OA V0{b} $CO V0{b}$AO $NI V3{P})
-----Checking for Clash: (V0{b} $NI V1{A})
-----Checking for Tautology: (V0{b} $NI V1{A})
-----Checking for Clash: ($OA V0{b} $CO V0{b}$AO $NI V3{P})
-----Checking for Tautology: ($OA V0{b} $CO V0{b}$AO $NI V3{P})
-----Checking for Clash: (V0{b} $NI V1{A}) and ($OA V0{b} $CO V0{b}$AO $NI V3{P})
-----Checking for Clash: (V0{b} $IN V1{C})
-----Checking for Tautology: (V0{b} $IN V1{C})
-----Checking for Clash: (V0{b} $NI V1{A}) and (V0{b} $IN V1{C})
-----Checking for Clash: ($OA V0{b} $CO V0{b}$AO $NI V3{P}) and (V0{b} $IN V1{C})
-----Checking for Clash: ($OA V0{b} $CO V0{b}$AO $NI V3{P1})
-----Checking for Tautology: ($OA V0{b} $CO V0{b}$AO $NI V3{P1})
-----Checking for Clash: (V0{b} $NI V1{A}) and ($OA V0{b} $CO V0{b}$AO $NI V3{P1})
-----Checking for Clash: ($OA V0{b} $CO V0{b}$AO $NI V3{P}) and ($OA V0{b} $CO V0{b}$AO $NI V3{P1})
-----Checking for Clash: (V0{b} $IN V1{C}) and ($OA V0{b} $CO V0{b}$AO $NI V3{P1})
-----Checking for Clash: (V0{b} $IN V1{B})
-----Checking for Tautology: (V0{b} $IN V1{B})
-----Checking for Clash: (V0{b} $NI V1{A}) and (V0{b} $IN V1{B})
-----Checking for Clash: ($OA V0{b} $CO V0{b}$AO $NI V3{P}) and (V0{b} $IN V1{B})
-----Checking for Clash: (V0{b} $IN V1{C}) and (V0{b} $IN V1{B})
-----Checking for Clash: ($OA V0{b} $CO V0{b}$AO $NI V3{P1}) and (V0{b} $IN V1{B})
-----Checking for Clash: (V0{b} $NI V1{A}) and (V0{a} $NI V1{A})
-----Checking for Clash: (V0{b} $NI V1{A}) and ($OA V0{b} $CO V0{a}$AO $NI V3{P1})
-----Checking for Clash: (V0{b} $NI V1{A}) and (V0{a} $NI V1{C})
-----Checking for Clash: (V0{b} $NI V1{A}) and ($OA V0{b} $CO V0{a}$AO $IN V3{P})
-----Checking for Clash: (V0{b} $NI V1{A}) and (V0{b} $IN V1{A})
-----Checking for Clash: ($OA V0{b} $CO V0{b}$AO $NI V3{P}) and (V0{a} $NI V1{A})
-----Checking for Clash: ($OA V0{b} $CO V0{b}$AO $NI V3{P}) and ($OA V0{b} $CO V0{a}$AO $NI V3{P1})
-----Checking for Clash: ($OA V0{b} $CO V0{b}$AO $NI V3{P}) and (V0{a} $NI V1{C})
-----Checking for Clash: ($OA V0{b} $CO V0{b}$AO $NI V3{P}) and ($OA V0{b} $CO V0{a}$AO $IN V3{P})
-----Checking for Clash: ($OA V0{b} $CO V0{b}$AO $NI V3{P}) and (V0{b} $IN V1{A})
-----Checking for Clash: ($OA V0{b} $CO V0{b}$AO $NI V3{P}) and ($OA V0{a} $CO V0{a}$AO $NI V3{P})
-----Checking for Clash: ($OA V0{b} $CO V0{b}$AO $NI V3{P}) and ($OA V0{b} $CO V0{b}$AO $NI V3{P})
-----Checking for Clash: (V0{b} $NI V1{A})
-----Checking for Tautology: (V0{b} $NI V1{A})
-----Checking for Clash: ($OA V0{b} $CO V0{b}$AO $NI V3{P})
-----Checking for Tautology: ($OA V0{b} $CO V0{b}$AO $NI V3{P})
-----Checking for Clash: (V0{b} $NI V1{A}) and ($OA V0{b} $CO V0{b}$AO $NI V3{P})
-----Checking for Clash: (V0{b} $IN V1{C})
-----Checking for Tautology: (V0{b} $IN V1{C})
-----Checking for Clash: (V0{b} $NI V1{A}) and (V0{b} $IN V1{C})
-----Checking for Clash: ($OA V0{b} $CO V0{b}$AO $NI V3{P}) and (V0{b} $IN V1{C})
-----Checking for Clash: ($OA V0{b} $CO V0{b}$AO $NI V3{P1})
-----Checking for Tautology: ($OA V0{b} $CO V0{b}$AO $NI V3{P1})
-----Checking for Clash: (V0{b} $NI V1{A}) and ($OA V0{b} $CO V0{b}$AO $NI V3{P1})
-----Checking for Clash: ($OA V0{b} $CO V0{b}$AO $NI V3{P}) and ($OA V0{b} $CO V0{b}$AO $NI V3{P1})
-----Checking for Clash: (V0{b} $IN V1{C}) and ($OA V0{b} $CO V0{b}$AO $NI V3{P1})
-----Checking for Clash: (V0{b} $IN V1{B})
-----Checking for Tautology: (V0{b} $IN V1{B})
-----Checking for Clash: (V0{b} $NI V1{A}) and (V0{b} $IN V1{B})
-----Checking for Clash: ($OA V0{b} $CO V0{b}$AO $NI V3{P}) and (V0{b} $IN V1{B})
-----Checking for Clash: (V0{b} $IN V1{C}) and (V0{b} $IN V1{B})
-----Checking for Clash: ($OA V0{b} $CO V0{b}$AO $NI V3{P1}) and (V0{b} $IN V1{B})
-----Checking for Clash: (V0{b} $NI V1{A}) and ($OA V0{a} $CO V0{b}$AO $NI V3{P})
-----Checking for Clash: (V0{b} $NI V1{A}) and (V0{a} $IN V1{A})
-----Checking for Clash: (V0{b} $NI V1{A}) and ($OA V0{b} $CO V0{a}$AO $NI V3{P1})
-----Checking for Clash: (V0{b} $NI V1{A}) and (V0{a} $NI V1{C})
-----Checking for Clash: (V0{b} $NI V1{A}) and ($OA V0{b} $CO V0{a}$AO $IN V3{P})
-----Checking for Clash: (V0{b} $NI V1{A}) and (V0{b} $IN V1{A})
-----Checking for Clash: ($OA V0{b} $CO V0{b}$AO $NI V3{P}) and ($OA V0{a} $CO V0{b}$AO $NI V3{P})
-----Checking for Clash: ($OA V0{b} $CO V0{b}$AO $NI V3{P}) and (V0{a} $IN V1{A})
-----Checking for Clash: ($OA V0{b} $CO V0{b}$AO $NI V3{P}) and ($OA V0{b} $CO V0{a}$AO $NI V3{P1})
-----Checking for Clash: ($OA V0{b} $CO V0{b}$AO $NI V3{P}) and (V0{a} $NI V1{C})
-----Checking for Clash: ($OA V0{b} $CO V0{b}$AO $NI V3{P}) and ($OA V0{b} $CO V0{a}$AO $IN V3{P})
-----Checking for Clash: ($OA V0{b} $CO V0{b}$AO $NI V3{P}) and (V0{b} $IN V1{A})
-----Checking for Clash: ($OA V0{b} $CO V0{b}$AO $NI V3{P}) and ($OA V0{a} $CO V0{a}$AO $NI V3{P})
-----Checking for Clash: ($OA V0{b} $CO V0{b}$AO $NI V3{P}) and ($OA V0{b} $CO V0{b}$AO $NI V3{P})
-----Checking for Clash: (V0{b} $NI V1{A})
-----Checking for Tautology: (V0{b} $NI V1{A})
-----Checking for Clash: ($OA V0{b} $CO V0{b}$AO $NI V3{P})
-----Checking for Tautology: ($OA V0{b} $CO V0{b}$AO $NI V3{P})
-----Checking for Clash: (V0{b} $NI V1{A}) and ($OA V0{b} $CO V0{b}$AO $NI V3{P})
-----Checking for Clash: (V0{b} $IN V1{C})
-----Checking for Tautology: (V0{b} $IN V1{C})
-----Checking for Clash: (V0{b} $NI V1{A}) and (V0{b} $IN V1{C})
-----Checking for Clash: ($OA V0{b} $CO V0{b}$AO $NI V3{P}) and (V0{b} $IN V1{C})
-----Checking for Clash: ($OA V0{b} $CO V0{b}$AO $NI V3{P1})
-----Checking for Tautology: ($OA V0{b} $CO V0{b}$AO $NI V3{P1})
-----Checking for Clash: (V0{b} $NI V1{A}) and ($OA V0{b} $CO V0{b}$AO $NI V3{P1})
-----Checking for Clash: ($OA V0{b} $CO V0{b}$AO $NI V3{P}) and ($OA V0{b} $CO V0{b}$AO $NI V3{P1})
-----Checking for Clash: (V0{b} $IN V1{C}) and ($OA V0{b} $CO V0{b}$AO $NI V3{P1})
-----Checking for Clash: (V0{b} $IN V1{B})
-----Checking for Tautology: (V0{b} $IN V1{B})
-----Checking for Clash: (V0{b} $NI V1{A}) and (V0{b} $IN V1{B})
-----Checking for Clash: ($OA V0{b} $CO V0{b}$AO $NI V3{P}) and (V0{b} $IN V1{B})
-----Checking for Clash: (V0{b} $IN V1{C}) and (V0{b} $IN V1{B})
-----Checking for Clash: ($OA V0{b} $CO V0{b}$AO $NI V3{P1}) and (V0{b} $IN V1{B})
-----Checking for Clash: (V0{b} $NI V1{A}) and (V0{b} $IN V1{C})
-----Checking for Clash: (V0{b} $NI V1{A}) and ($OA V0{a} $CO V0{b}$AO $IN V3{P})
-----Checking for Clash: (V0{b} $NI V1{A}) and (V0{a} $IN V1{A})
-----Checking for Clash: (V0{b} $NI V1{A}) and ($OA V0{b} $CO V0{a}$AO $NI V3{P1})
-----Checking for Clash: (V0{b} $NI V1{A}) and (V0{a} $NI V1{C})
-----Checking for Clash: (V0{b} $NI V1{A}) and ($OA V0{b} $CO V0{a}$AO $IN V3{P})
-----Checking for Clash: (V0{b} $NI V1{A}) and (V0{b} $IN V1{A})
-----Checking for Clash: ($OA V0{b} $CO V0{b}$AO $NI V3{P}) and (V0{b} $IN V1{C})
-----Checking for Clash: ($OA V0{b} $CO V0{b}$AO $NI V3{P}) and ($OA V0{a} $CO V0{b}$AO $IN V3{P})
-----Checking for Clash: ($OA V0{b} $CO V0{b}$AO $NI V3{P}) and (V0{a} $IN V1{A})
-----Checking for Clash: ($OA V0{b} $CO V0{b}$AO $NI V3{P}) and ($OA V0{b} $CO V0{a}$AO $NI V3{P1})
-----Checking for Clash: ($OA V0{b} $CO V0{b}$AO $NI V3{P}) and (V0{a} $NI V1{C})
-----Checking for Clash: ($OA V0{b} $CO V0{b}$AO $NI V3{P}) and ($OA V0{b} $CO V0{a}$AO $IN V3{P})
-----Checking for Clash: ($OA V0{b} $CO V0{b}$AO $NI V3{P}) and (V0{b} $IN V1{A})
-----Checking for Clash: ($OA V0{b} $CO V0{b}$AO $NI V3{P}) and ($OA V0{a} $CO V0{a}$AO $NI V3{P})
-----Checking for Clash: ($OA V0{b} $CO V0{b}$AO $NI V3{P}) and ($OA V0{b} $CO V0{b}$AO $NI V3{P})
-----Checking for Clash: (V0{b} $NI V1{A})
-----Checking for Tautology: (V0{b} $NI V1{A})
-----Checking for Clash: ($OA V0{b} $CO V0{b}$AO $NI V3{P})
-----Checking for Tautology: ($OA V0{b} $CO V0{b}$AO $NI V3{P})
-----Checking for Clash: (V0{b} $NI V1{A}) and ($OA V0{b} $CO V0{b}$AO $NI V3{P})
-----Checking for Clash: (V0{b} $IN V1{C})
-----Checking for Tautology: (V0{b} $IN V1{C})
-----Checking for Clash: (V0{b} $NI V1{A}) and (V0{b} $IN V1{C})
-----Checking for Clash: ($OA V0{b} $CO V0{b}$AO $NI V3{P}) and (V0{b} $IN V1{C})
-----Checking for Clash: ($OA V0{b} $CO V0{b}$AO $NI V3{P1})
-----Checking for Tautology: ($OA V0{b} $CO V0{b}$AO $NI V3{P1})
-----Checking for Clash: (V0{b} $NI V1{A}) and ($OA V0{b} $CO V0{b}$AO $NI V3{P1})
-----Checking for Clash: ($OA V0{b} $CO V0{b}$AO $NI V3{P}) and ($OA V0{b} $CO V0{b}$AO $NI V3{P1})
-----Checking for Clash: (V0{b} $IN V1{C}) and ($OA V0{b} $CO V0{b}$AO $NI V3{P1})
-----Checking for Clash: (V0{b} $IN V1{B})
-----Checking for Tautology: (V0{b} $IN V1{B})
-----Checking for Clash: (V0{b} $NI V1{A}) and (V0{b} $IN V1{B})
-----Checking for Clash: ($OA V0{b} $CO V0{b}$AO $NI V3{P}) and (V0{b} $IN V1{B})
-----Checking for Clash: (V0{b} $IN V1{C}) and (V0{b} $IN V1{B})
-----Checking for Clash: ($OA V0{b} $CO V0{b}$AO $NI V3{P1}) and (V0{b} $IN V1{B})
-----Checking for Clash: (V0{b} $NI V1{A}) and ($OA V0{a} $CO V0{b}$AO $NI V3{P1})
-----Checking for Clash: (V0{b} $NI V1{A}) and (V0{b} $NI V1{C})
-----Checking for Clash: (V0{b} $NI V1{A}) and ($OA V0{a} $CO V0{b}$AO $IN V3{P})
-----Checking for Clash: (V0{b} $NI V1{A}) and (V0{a} $IN V1{A})
-----Checking for Clash: (V0{b} $NI V1{A}) and ($OA V0{b} $CO V0{a}$AO $NI V3{P1})
-----Checking for Clash: (V0{b} $NI V1{A}) and (V0{a} $NI V1{C})
-----Checking for Clash: (V0{b} $NI V1{A}) and ($OA V0{b} $CO V0{a}$AO $IN V3{P})
-----Checking for Clash: (V0{b} $NI V1{A}) and (V0{b} $IN V1{A})
-----Checking for Clash: ($OA V0{b} $CO V0{b}$AO $NI V3{P}) and ($OA V0{a} $CO V0{b}$AO $NI V3{P1})
-----Checking for Clash: ($OA V0{b} $CO V0{b}$AO $NI V3{P}) and (V0{b} $NI V1{C})
-----Checking for Clash: ($OA V0{b} $CO V0{b}$AO $NI V3{P}) and ($OA V0{a} $CO V0{b}$AO $IN V3{P})
-----Checking for Clash: ($OA V0{b} $CO V0{b}$AO $NI V3{P}) and (V0{a} $IN V1{A})
-----Checking for Clash: ($OA V0{b} $CO V0{b}$AO $NI V3{P}) and ($OA V0{b} $CO V0{a}$AO $NI V3{P1})
-----Checking for Clash: ($OA V0{b} $CO V0{b}$AO $NI V3{P}) and (V0{a} $NI V1{C})
-----Checking for Clash: ($OA V0{b} $CO V0{b}$AO $NI V3{P}) and ($OA V0{b} $CO V0{a}$AO $IN V3{P})
-----Checking for Clash: ($OA V0{b} $CO V0{b}$AO $NI V3{P}) and (V0{b} $IN V1{A})
-----Checking for Clash: ($OA V0{b} $CO V0{b}$AO $NI V3{P}) and ($OA V0{a} $CO V0{a}$AO $NI V3{P})
-----Checking for Clash: ($OA V0{b} $CO V0{b}$AO $NI V3{P}) and ($OA V0{b} $CO V0{b}$AO $NI V3{P})
-----Checking for Clash: (V0{b} $NI V1{A})
-----Checking for Tautology: (V0{b} $NI V1{A})
-----Checking for Clash: ($OA V0{b} $CO V0{b}$AO $NI V3{P})
-----Checking for Tautology: ($OA V0{b} $CO V0{b}$AO $NI V3{P})
-----Checking for Clash: (V0{b} $NI V1{A}) and ($OA V0{b} $CO V0{b}$AO $NI V3{P})
-----Checking for Clash: (V0{b} $IN V1{C})
-----Checking for Tautology: (V0{b} $IN V1{C})
-----Checking for Clash: (V0{b} $NI V1{A}) and (V0{b} $IN V1{C})
-----Checking for Clash: ($OA V0{b} $CO V0{b}$AO $NI V3{P}) and (V0{b} $IN V1{C})
-----Checking for Clash: ($OA V0{b} $CO V0{b}$AO $NI V3{P1})
-----Checking for Tautology: ($OA V0{b} $CO V0{b}$AO $NI V3{P1})
-----Checking for Clash: (V0{b} $NI V1{A}) and ($OA V0{b} $CO V0{b}$AO $NI V3{P1})
-----Checking for Clash: ($OA V0{b} $CO V0{b}$AO $NI V3{P}) and ($OA V0{b} $CO V0{b}$AO $NI V3{P1})
-----Checking for Clash: (V0{b} $IN V1{C}) and ($OA V0{b} $CO V0{b}$AO $NI V3{P1})
-----Checking for Clash: (V0{b} $IN V1{B})
-----Checking for Tautology: (V0{b} $IN V1{B})
-----Checking for Clash: (V0{b} $NI V1{A}) and (V0{b} $IN V1{B})
-----Checking for Clash: ($OA V0{b} $CO V0{b}$AO $NI V3{P}) and (V0{b} $IN V1{B})
-----Checking for Clash: (V0{b} $IN V1{C}) and (V0{b} $IN V1{B})
-----Checking for Clash: ($OA V0{b} $CO V0{b}$AO $NI V3{P1}) and (V0{b} $IN V1{B})
-----Checking for Clash: (V0{b} $NI V1{A}) and ($OA V0{a} $CO V0{b}$AO $IN V3{P1})
-----Checking for Clash: (V0{b} $NI V1{A}) and (V0{b} $IN V1{B})
-----Checking for Clash: (V0{b} $NI V1{A}) and (V0{b} $NI V1{C})
-----Checking for Clash: (V0{b} $NI V1{A}) and ($OA V0{a} $CO V0{b}$AO $IN V3{P})
-----Checking for Clash: (V0{b} $NI V1{A}) and (V0{a} $IN V1{A})
-----Checking for Clash: (V0{b} $NI V1{A}) and ($OA V0{b} $CO V0{a}$AO $NI V3{P1})
-----Checking for Clash: (V0{b} $NI V1{A}) and (V0{a} $NI V1{C})
-----Checking for Clash: (V0{b} $NI V1{A}) and ($OA V0{b} $CO V0{a}$AO $IN V3{P})
-----Checking for Clash: (V0{b} $NI V1{A}) and (V0{b} $IN V1{A})
-----Checking for Clash: ($OA V0{b} $CO V0{b}$AO $NI V3{P}) and ($OA V0{a} $CO V0{b}$AO $IN V3{P1})
-----Checking for Clash: ($OA V0{b} $CO V0{b}$AO $NI V3{P}) and (V0{b} $IN V1{B})
-----Checking for Clash: ($OA V0{b} $CO V0{b}$AO $NI V3{P}) and (V0{b} $NI V1{C})
-----Checking for Clash: ($OA V0{b} $CO V0{b}$AO $NI V3{P}) and ($OA V0{a} $CO V0{b}$AO $IN V3{P})
-----Checking for Clash: ($OA V0{b} $CO V0{b}$AO $NI V3{P}) and (V0{a} $IN V1{A})
-----Checking for Clash: ($OA V0{b} $CO V0{b}$AO $NI V3{P}) and ($OA V0{b} $CO V0{a}$AO $NI V3{P1})
-----Checking for Clash: ($OA V0{b} $CO V0{b}$AO $NI V3{P}) and (V0{a} $NI V1{C})
-----Checking for Clash: ($OA V0{b} $CO V0{b}$AO $NI V3{P}) and ($OA V0{b} $CO V0{a}$AO $IN V3{P})
-----Checking for Clash: ($OA V0{b} $CO V0{b}$AO $NI V3{P}) and (V0{b} $IN V1{A})
-----Checking for Clash: ($OA V0{b} $CO V0{b}$AO $NI V3{P}) and ($OA V0{a} $CO V0{a}$AO $NI V3{P})
-----Checking for Clash: ($OA V0{b} $CO V0{b}$AO $NI V3{P}) and ($OA V0{b} $CO V0{b}$AO $NI V3{P})
-----Checking for Clash: (V0{b} $NI V1{A})
-----Checking for Tautology: (V0{b} $NI V1{A})
-----Checking for Clash: ($OA V0{b} $CO V0{b}$AO $NI V3{P})
-----Checking for Tautology: ($OA V0{b} $CO V0{b}$AO $NI V3{P})
-----Checking for Clash: (V0{b} $NI V1{A}) and ($OA V0{b} $CO V0{b}$AO $NI V3{P})
-----Checking for Clash: (V0{b} $IN V1{C})
-----Checking for Tautology: (V0{b} $IN V1{C})
-----Checking for Clash: (V0{b} $NI V1{A}) and (V0{b} $IN V1{C})
-----Checking for Clash: ($OA V0{b} $CO V0{b}$AO $NI V3{P}) and (V0{b} $IN V1{C})
-----Checking for Clash: ($OA V0{b} $CO V0{b}$AO $NI V3{P1})
-----Checking for Tautology: ($OA V0{b} $CO V0{b}$AO $NI V3{P1})
-----Checking for Clash: (V0{b} $NI V1{A}) and ($OA V0{b} $CO V0{b}$AO $NI V3{P1})
-----Checking for Clash: ($OA V0{b} $CO V0{b}$AO $NI V3{P}) and ($OA V0{b} $CO V0{b}$AO $NI V3{P1})
-----Checking for Clash: (V0{b} $IN V1{C}) and ($OA V0{b} $CO V0{b}$AO $NI V3{P1})
-----Checking for Clash: (V0{b} $IN V1{B})
-----Checking for Tautology: (V0{b} $IN V1{B})
-----Checking for Clash: (V0{b} $NI V1{A}) and (V0{b} $IN V1{B})
-----Checking for Clash: ($OA V0{b} $CO V0{b}$AO $NI V3{P}) and (V0{b} $IN V1{B})
-----Checking for Clash: (V0{b} $IN V1{C}) and (V0{b} $IN V1{B})
-----Checking for Clash: ($OA V0{b} $CO V0{b}$AO $NI V3{P1}) and (V0{b} $IN V1{B})
-----Checking for Clash: (V0{b} $NI V1{A}) and (V0{a} $NI V1{A})
-----Checking for Clash: (V0{b} $NI V1{A}) and ($OA V0{b} $CO V0{a}$AO $IN V3{P1})
-----Checking for Clash: (V0{b} $NI V1{A}) and (V0{a} $IN V1{B})
-----Checking for Clash: (V0{b} $NI V1{A}) and (V0{a} $NI V1{C})
-----Checking for Clash: (V0{b} $NI V1{A}) and ($OA V0{b} $CO V0{a}$AO $IN V3{P})
-----Checking for Clash: (V0{b} $NI V1{A}) and (V0{b} $IN V1{A})
-----Checking for Clash: ($OA V0{b} $CO V0{b}$AO $NI V3{P}) and (V0{a} $NI V1{A})
-----Checking for Clash: ($OA V0{b} $CO V0{b}$AO $NI V3{P}) and ($OA V0{b} $CO V0{a}$AO $IN V3{P1})
-----Checking for Clash: ($OA V0{b} $CO V0{b}$AO $NI V3{P}) and (V0{a} $IN V1{B})
-----Checking for Clash: ($OA V0{b} $CO V0{b}$AO $NI V3{P}) and (V0{a} $NI V1{C})
-----Checking for Clash: ($OA V0{b} $CO V0{b}$AO $NI V3{P}) and ($OA V0{b} $CO V0{a}$AO $IN V3{P})
-----Checking for Clash: ($OA V0{b} $CO V0{b}$AO $NI V3{P}) and (V0{b} $IN V1{A})
-----Checking for Clash: ($OA V0{b} $CO V0{b}$AO $NI V3{P}) and ($OA V0{a} $CO V0{a}$AO $NI V3{P})
-----Checking for Clash: ($OA V0{b} $CO V0{b}$AO $NI V3{P}) and ($OA V0{b} $CO V0{b}$AO $NI V3{P})
-----Checking for Clash: (V0{b} $NI V1{A})
-----Checking for Tautology: (V0{b} $NI V1{A})
-----Checking for Clash: ($OA V0{b} $CO V0{b}$AO $NI V3{P})
-----Checking for Tautology: ($OA V0{b} $CO V0{b}$AO $NI V3{P})
-----Checking for Clash: (V0{b} $NI V1{A}) and ($OA V0{b} $CO V0{b}$AO $NI V3{P})
-----Checking for Clash: (V0{b} $IN V1{C})
-----Checking for Tautology: (V0{b} $IN V1{C})
-----Checking for Clash: (V0{b} $NI V1{A}) and (V0{b} $IN V1{C})
-----Checking for Clash: ($OA V0{b} $CO V0{b}$AO $NI V3{P}) and (V0{b} $IN V1{C})
-----Checking for Clash: ($OA V0{b} $CO V0{b}$AO $NI V3{P1})
-----Checking for Tautology: ($OA V0{b} $CO V0{b}$AO $NI V3{P1})
-----Checking for Clash: (V0{b} $NI V1{A}) and ($OA V0{b} $CO V0{b}$AO $NI V3{P1})
-----Checking for Clash: ($OA V0{b} $CO V0{b}$AO $NI V3{P}) and ($OA V0{b} $CO V0{b}$AO $NI V3{P1})
-----Checking for Clash: (V0{b} $IN V1{C}) and ($OA V0{b} $CO V0{b}$AO $NI V3{P1})
-----Checking for Clash: (V0{b} $IN V1{B})
-----Checking for Tautology: (V0{b} $IN V1{B})
-----Checking for Clash: (V0{b} $NI V1{A}) and (V0{b} $IN V1{B})
-----Checking for Clash: ($OA V0{b} $CO V0{b}$AO $NI V3{P}) and (V0{b} $IN V1{B})
-----Checking for Clash: (V0{b} $IN V1{C}) and (V0{b} $IN V1{B})
-----Checking for Clash: ($OA V0{b} $CO V0{b}$AO $NI V3{P1}) and (V0{b} $IN V1{B})
-----Checking for Clash: (V0{b} $NI V1{A}) and ($OA V0{a} $CO V0{b}$AO $NI V3{P})
-----Checking for Clash: (V0{b} $NI V1{A}) and (V0{a} $IN V1{A})
-----Checking for Clash: (V0{b} $NI V1{A}) and ($OA V0{b} $CO V0{a}$AO $IN V3{P1})
-----Checking for Clash: (V0{b} $NI V1{A}) and (V0{a} $IN V1{B})
-----Checking for Clash: (V0{b} $NI V1{A}) and (V0{a} $NI V1{C})
-----Checking for Clash: (V0{b} $NI V1{A}) and ($OA V0{b} $CO V0{a}$AO $IN V3{P})
-----Checking for Clash: (V0{b} $NI V1{A}) and (V0{b} $IN V1{A})
-----Checking for Clash: ($OA V0{b} $CO V0{b}$AO $NI V3{P}) and ($OA V0{a} $CO V0{b}$AO $NI V3{P})
-----Checking for Clash: ($OA V0{b} $CO V0{b}$AO $NI V3{P}) and (V0{a} $IN V1{A})
-----Checking for Clash: ($OA V0{b} $CO V0{b}$AO $NI V3{P}) and ($OA V0{b} $CO V0{a}$AO $IN V3{P1})
-----Checking for Clash: ($OA V0{b} $CO V0{b}$AO $NI V3{P}) and (V0{a} $IN V1{B})
-----Checking for Clash: ($OA V0{b} $CO V0{b}$AO $NI V3{P}) and (V0{a} $NI V1{C})
-----Checking for Clash: ($OA V0{b} $CO V0{b}$AO $NI V3{P}) and ($OA V0{b} $CO V0{a}$AO $IN V3{P})
-----Checking for Clash: ($OA V0{b} $CO V0{b}$AO $NI V3{P}) and (V0{b} $IN V1{A})
-----Checking for Clash: ($OA V0{b} $CO V0{b}$AO $NI V3{P}) and ($OA V0{a} $CO V0{a}$AO $NI V3{P})
-----Checking for Clash: ($OA V0{b} $CO V0{b}$AO $NI V3{P}) and ($OA V0{b} $CO V0{b}$AO $NI V3{P})
-----Checking for Clash: (V0{b} $NI V1{A})
-----Checking for Tautology: (V0{b} $NI V1{A})
-----Checking for Clash: ($OA V0{b} $CO V0{b}$AO $NI V3{P})
-----Checking for Tautology: ($OA V0{b} $CO V0{b}$AO $NI V3{P})
-----Checking for Clash: (V0{b} $NI V1{A}) and ($OA V0{b} $CO V0{b}$AO $NI V3{P})
-----Checking for Clash: (V0{b} $IN V1{C})
-----Checking for Tautology: (V0{b} $IN V1{C})
-----Checking for Clash: (V0{b} $NI V1{A}) and (V0{b} $IN V1{C})
-----Checking for Clash: ($OA V0{b} $CO V0{b}$AO $NI V3{P}) and (V0{b} $IN V1{C})
-----Checking for Clash: ($OA V0{b} $CO V0{b}$AO $NI V3{P1})
-----Checking for Tautology: ($OA V0{b} $CO V0{b}$AO $NI V3{P1})
-----Checking for Clash: (V0{b} $NI V1{A}) and ($OA V0{b} $CO V0{b}$AO $NI V3{P1})
-----Checking for Clash: ($OA V0{b} $CO V0{b}$AO $NI V3{P}) and ($OA V0{b} $CO V0{b}$AO $NI V3{P1})
-----Checking for Clash: (V0{b} $IN V1{C}) and ($OA V0{b} $CO V0{b}$AO $NI V3{P1})
-----Checking for Clash: (V0{b} $IN V1{B})
-----Checking for Tautology: (V0{b} $IN V1{B})
-----Checking for Clash: (V0{b} $NI V1{A}) and (V0{b} $IN V1{B})
-----Checking for Clash: ($OA V0{b} $CO V0{b}$AO $NI V3{P}) and (V0{b} $IN V1{B})
-----Checking for Clash: (V0{b} $IN V1{C}) and (V0{b} $IN V1{B})
-----Checking for Clash: ($OA V0{b} $CO V0{b}$AO $NI V3{P1}) and (V0{b} $IN V1{B})
-----Checking for Clash: (V0{b} $NI V1{A}) and (V0{b} $IN V1{C})
-----Checking for Clash: (V0{b} $NI V1{A}) and ($OA V0{a} $CO V0{b}$AO $IN V3{P})
-----Checking for Clash: (V0{b} $NI V1{A}) and (V0{a} $IN V1{A})
-----Checking for Clash: (V0{b} $NI V1{A}) and ($OA V0{b} $CO V0{a}$AO $IN V3{P1})
-----Checking for Clash: (V0{b} $NI V1{A}) and (V0{a} $IN V1{B})
-----Checking for Clash: (V0{b} $NI V1{A}) and (V0{a} $NI V1{C})
-----Checking for Clash: (V0{b} $NI V1{A}) and ($OA V0{b} $CO V0{a}$AO $IN V3{P})
-----Checking for Clash: (V0{b} $NI V1{A}) and (V0{b} $IN V1{A})
-----Checking for Clash: ($OA V0{b} $CO V0{b}$AO $NI V3{P}) and (V0{b} $IN V1{C})
-----Checking for Clash: ($OA V0{b} $CO V0{b}$AO $NI V3{P}) and ($OA V0{a} $CO V0{b}$AO $IN V3{P})
-----Checking for Clash: ($OA V0{b} $CO V0{b}$AO $NI V3{P}) and (V0{a} $IN V1{A})
-----Checking for Clash: ($OA V0{b} $CO V0{b}$AO $NI V3{P}) and ($OA V0{b} $CO V0{a}$AO $IN V3{P1})
-----Checking for Clash: ($OA V0{b} $CO V0{b}$AO $NI V3{P}) and (V0{a} $IN V1{B})
-----Checking for Clash: ($OA V0{b} $CO V0{b}$AO $NI V3{P}) and (V0{a} $NI V1{C})
-----Checking for Clash: ($OA V0{b} $CO V0{b}$AO $NI V3{P}) and ($OA V0{b} $CO V0{a}$AO $IN V3{P})
-----Checking for Clash: ($OA V0{b} $CO V0{b}$AO $NI V3{P}) and (V0{b} $IN V1{A})
-----Checking for Clash: ($OA V0{b} $CO V0{b}$AO $NI V3{P}) and ($OA V0{a} $CO V0{a}$AO $NI V3{P})
-----Checking for Clash: ($OA V0{b} $CO V0{b}$AO $NI V3{P}) and ($OA V0{b} $CO V0{b}$AO $NI V3{P})
-----Checking for Clash: (V0{b} $NI V1{A})
-----Checking for Tautology: (V0{b} $NI V1{A})
-----Checking for Clash: ($OA V0{b} $CO V0{b}$AO $NI V3{P})
-----Checking for Tautology: ($OA V0{b} $CO V0{b}$AO $NI V3{P})
-----Checking for Clash: (V0{b} $NI V1{A}) and ($OA V0{b} $CO V0{b}$AO $NI V3{P})
-----Checking for Clash: (V0{b} $IN V1{C})
-----Checking for Tautology: (V0{b} $IN V1{C})
-----Checking for Clash: (V0{b} $NI V1{A}) and (V0{b} $IN V1{C})
-----Checking for Clash: ($OA V0{b} $CO V0{b}$AO $NI V3{P}) and (V0{b} $IN V1{C})
-----Checking for Clash: ($OA V0{b} $CO V0{b}$AO $NI V3{P1})
-----Checking for Tautology: ($OA V0{b} $CO V0{b}$AO $NI V3{P1})
-----Checking for Clash: (V0{b} $NI V1{A}) and ($OA V0{b} $CO V0{b}$AO $NI V3{P1})
-----Checking for Clash: ($OA V0{b} $CO V0{b}$AO $NI V3{P}) and ($OA V0{b} $CO V0{b}$AO $NI V3{P1})
-----Checking for Clash: (V0{b} $IN V1{C}) and ($OA V0{b} $CO V0{b}$AO $NI V3{P1})
-----Checking for Clash: (V0{b} $IN V1{B})
-----Checking for Tautology: (V0{b} $IN V1{B})
-----Checking for Clash: (V0{b} $NI V1{A}) and (V0{b} $IN V1{B})
-----Checking for Clash: ($OA V0{b} $CO V0{b}$AO $NI V3{P}) and (V0{b} $IN V1{B})
-----Checking for Clash: (V0{b} $IN V1{C}) and (V0{b} $IN V1{B})
-----Checking for Clash: ($OA V0{b} $CO V0{b}$AO $NI V3{P1}) and (V0{b} $IN V1{B})
-----Checking for Clash: (V0{b} $NI V1{A}) and ($OA V0{a} $CO V0{b}$AO $NI V3{P1})
-----Checking for Clash: (V0{b} $NI V1{A}) and (V0{b} $NI V1{C})
-----Checking for Clash: (V0{b} $NI V1{A}) and ($OA V0{a} $CO V0{b}$AO $IN V3{P})
-----Checking for Clash: (V0{b} $NI V1{A}) and (V0{a} $IN V1{A})
-----Checking for Clash: (V0{b} $NI V1{A}) and ($OA V0{b} $CO V0{a}$AO $IN V3{P1})
-----Checking for Clash: (V0{b} $NI V1{A}) and (V0{a} $IN V1{B})
-----Checking for Clash: (V0{b} $NI V1{A}) and (V0{a} $NI V1{C})
-----Checking for Clash: (V0{b} $NI V1{A}) and ($OA V0{b} $CO V0{a}$AO $IN V3{P})
-----Checking for Clash: (V0{b} $NI V1{A}) and (V0{b} $IN V1{A})
-----Checking for Clash: ($OA V0{b} $CO V0{b}$AO $NI V3{P}) and ($OA V0{a} $CO V0{b}$AO $NI V3{P1})
-----Checking for Clash: ($OA V0{b} $CO V0{b}$AO $NI V3{P}) and (V0{b} $NI V1{C})
-----Checking for Clash: ($OA V0{b} $CO V0{b}$AO $NI V3{P}) and ($OA V0{a} $CO V0{b}$AO $IN V3{P})
-----Checking for Clash: ($OA V0{b} $CO V0{b}$AO $NI V3{P}) and (V0{a} $IN V1{A})
-----Checking for Clash: ($OA V0{b} $CO V0{b}$AO $NI V3{P}) and ($OA V0{b} $CO V0{a}$AO $IN V3{P1})
-----Checking for Clash: ($OA V0{b} $CO V0{b}$AO $NI V3{P}) and (V0{a} $IN V1{B})
-----Checking for Clash: ($OA V0{b} $CO V0{b}$AO $NI V3{P}) and (V0{a} $NI V1{C})
-----Checking for Clash: ($OA V0{b} $CO V0{b}$AO $NI V3{P}) and ($OA V0{b} $CO V0{a}$AO $IN V3{P})
-----Checking for Clash: ($OA V0{b} $CO V0{b}$AO $NI V3{P}) and (V0{b} $IN V1{A})
-----Checking for Clash: ($OA V0{b} $CO V0{b}$AO $NI V3{P}) and ($OA V0{a} $CO V0{a}$AO $NI V3{P})
-----Checking for Clash: ($OA V0{b} $CO V0{b}$AO $NI V3{P}) and ($OA V0{b} $CO V0{b}$AO $NI V3{P})
-----Checking for Clash: (V0{b} $NI V1{A})
-----Checking for Tautology: (V0{b} $NI V1{A})
-----Checking for Clash: ($OA V0{b} $CO V0{b}$AO $NI V3{P})
-----Checking for Tautology: ($OA V0{b} $CO V0{b}$AO $NI V3{P})
-----Checking for Clash: (V0{b} $NI V1{A}) and ($OA V0{b} $CO V0{b}$AO $NI V3{P})
-----Checking for Clash: (V0{b} $IN V1{C})
-----Checking for Tautology: (V0{b} $IN V1{C})
-----Checking for Clash: (V0{b} $NI V1{A}) and (V0{b} $IN V1{C})
-----Checking for Clash: ($OA V0{b} $CO V0{b}$AO $NI V3{P}) and (V0{b} $IN V1{C})
-----Checking for Clash: ($OA V0{b} $CO V0{b}$AO $NI V3{P1})
-----Checking for Tautology: ($OA V0{b} $CO V0{b}$AO $NI V3{P1})
-----Checking for Clash: (V0{b} $NI V1{A}) and ($OA V0{b} $CO V0{b}$AO $NI V3{P1})
-----Checking for Clash: ($OA V0{b} $CO V0{b}$AO $NI V3{P}) and ($OA V0{b} $CO V0{b}$AO $NI V3{P1})
-----Checking for Clash: (V0{b} $IN V1{C}) and ($OA V0{b} $CO V0{b}$AO $NI V3{P1})
-----Checking for Clash: (V0{b} $IN V1{B})
-----Checking for Tautology: (V0{b} $IN V1{B})
-----Checking for Clash: (V0{b} $NI V1{A}) and (V0{b} $IN V1{B})
-----Checking for Clash: ($OA V0{b} $CO V0{b}$AO $NI V3{P}) and (V0{b} $IN V1{B})
-----Checking for Clash: (V0{b} $IN V1{C}) and (V0{b} $IN V1{B})
-----Checking for Clash: ($OA V0{b} $CO V0{b}$AO $NI V3{P1}) and (V0{b} $IN V1{B})
-----Checking for Clash: (V0{b} $NI V1{A}) and ($OA V0{a} $CO V0{b}$AO $IN V3{P1})
-----Checking for Clash: (V0{b} $NI V1{A}) and (V0{b} $IN V1{B})
-----Checking for Clash: (V0{b} $NI V1{A}) and (V0{b} $NI V1{C})
-----Checking for Clash: (V0{b} $NI V1{A}) and ($OA V0{a} $CO V0{b}$AO $IN V3{P})
-----Checking for Clash: (V0{b} $NI V1{A}) and (V0{a} $IN V1{A})
-----Checking for Clash: (V0{b} $NI V1{A}) and ($OA V0{b} $CO V0{a}$AO $IN V3{P1})
-----Checking for Clash: (V0{b} $NI V1{A}) and (V0{a} $IN V1{B})
-----Checking for Clash: (V0{b} $NI V1{A}) and (V0{a} $NI V1{C})
-----Checking for Clash: (V0{b} $NI V1{A}) and ($OA V0{b} $CO V0{a}$AO $IN V3{P})
-----Checking for Clash: (V0{b} $NI V1{A}) and (V0{b} $IN V1{A})
-----Checking for Clash: ($OA V0{b} $CO V0{b}$AO $NI V3{P}) and ($OA V0{a} $CO V0{b}$AO $IN V3{P1})
-----Checking for Clash: ($OA V0{b} $CO V0{b}$AO $NI V3{P}) and (V0{b} $IN V1{B})
-----Checking for Clash: ($OA V0{b} $CO V0{b}$AO $NI V3{P}) and (V0{b} $NI V1{C})
-----Checking for Clash: ($OA V0{b} $CO V0{b}$AO $NI V3{P}) and ($OA V0{a} $CO V0{b}$AO $IN V3{P})
-----Checking for Clash: ($OA V0{b} $CO V0{b}$AO $NI V3{P}) and (V0{a} $IN V1{A})
-----Checking for Clash: ($OA V0{b} $CO V0{b}$AO $NI V3{P}) and ($OA V0{b} $CO V0{a}$AO $IN V3{P1})
-----Checking for Clash: ($OA V0{b} $CO V0{b}$AO $NI V3{P}) and (V0{a} $IN V1{B})
-----Checking for Clash: ($OA V0{b} $CO V0{b}$AO $NI V3{P}) and (V0{a} $NI V1{C})
-----Checking for Clash: ($OA V0{b} $CO V0{b}$AO $NI V3{P}) and ($OA V0{b} $CO V0{a}$AO $IN V3{P})
-----Checking for Clash: ($OA V0{b} $CO V0{b}$AO $NI V3{P}) and (V0{b} $IN V1{A})
-----Checking for Clash: ($OA V0{b} $CO V0{b}$AO $NI V3{P}) and ($OA V0{a} $CO V0{a}$AO $NI V3{P})
-----Checking for Clash: ($OA V0{b} $CO V0{b}$AO $NI V3{P}) and ($OA V0{b} $CO V0{b}$AO $NI V3{P})
----- Computing equivalence classes set 
-----Reading query file
-----Parsing line:($FA V0{t}) (V0{t} $IN V1{Person})
---Formula Inserted: ($FA V0{t}) (V0{t} $IN V1{Person})
-----Analizyng input formula
-----Candidate atom found: $FAV0{t}
-----Computing Literal: $FAV0{t}
-----Extracting Data From Var. Input String: V0{t}
-----Data From Var Computed. Name: t. Level:0
-----Creating Quantified Variable.  Name:t. Level: 0. Type: 1
-----Adding Quantified Variable to Set.V0{t}
-----Candidate atom found: V0{t}$INV1{Person}
-----Computing Literal: V0{t}$INV1{Person}
-----Extracting Data From Var. Input String: V0{t}
-----Data From Var Computed. Name: t. Level:0
-----Creating  Variable.  Name:t. Level: 0. Type: 0
-----Variable Found in Quantified Set. V0{t}
-----Extracting Data From Var. Input String: V1{Person}
-----Data From Var Computed. Name: Person. Level:1
-----Creating  Variable.  Name:Person. Level: 1. Type: 0
-----Adding Variable to Set. V1{Person}
-----Literal created: (V0{t} $IN V1{Person})
-----Final Formula: ($FA V0{t})(V0{t} $IN V1{Person}) 
---Formula Ended 
---Executing Query
----Query selected:($FA V0{t})(V0{t} $IN V1{Person}) 
-----Literal computed:(V0{t} $IN V1{Person})
